mode: atomic
fitcommerce/internal/http/admin_handler.go:20.71,22.2 1 60
fitcommerce/internal/http/admin_handler.go:25.58,34.27 7 2
fitcommerce/internal/http/admin_handler.go:34.27,37.3 1 1
fitcommerce/internal/http/admin_handler.go:37.8,40.3 1 1
fitcommerce/internal/http/admin_handler.go:42.2,42.16 1 2
fitcommerce/internal/http/admin_handler.go:42.16,44.3 1 0
fitcommerce/internal/http/admin_handler.go:46.2,47.24 2 2
fitcommerce/internal/http/admin_handler.go:47.24,49.3 1 4
fitcommerce/internal/http/admin_handler.go:50.2,53.4 1 2
fitcommerce/internal/http/admin_handler.go:57.64,69.16 4 1
fitcommerce/internal/http/admin_handler.go:69.16,71.3 1 0
fitcommerce/internal/http/admin_handler.go:73.2,74.24 2 1
fitcommerce/internal/http/admin_handler.go:74.24,76.3 1 1
fitcommerce/internal/http/admin_handler.go:77.2,80.4 1 1
fitcommerce/internal/http/admin_handler.go:85.72,96.2 1 5
fitcommerce/internal/http/auth_handler.go:22.89,24.2 1 60
fitcommerce/internal/http/auth_handler.go:29.51,31.37 2 104
fitcommerce/internal/http/auth_handler.go:31.37,35.3 1 0
fitcommerce/internal/http/auth_handler.go:37.2,38.16 2 104
fitcommerce/internal/http/auth_handler.go:38.16,40.3 1 19
fitcommerce/internal/http/auth_handler.go:44.2,62.28 4 85
fitcommerce/internal/http/auth_handler.go:62.28,65.3 2 10
fitcommerce/internal/http/auth_handler.go:67.2,67.63 1 85
fitcommerce/internal/http/auth_handler.go:72.52,74.17 2 1
fitcommerce/internal/http/auth_handler.go:74.17,76.3 1 1
fitcommerce/internal/http/auth_handler.go:77.2,78.101 2 1
fitcommerce/internal/http/auth_handler.go:83.56,85.9 2 4
fitcommerce/internal/http/auth_handler.go:85.9,89.3 1 0
fitcommerce/internal/http/auth_handler.go:91.2,92.16 2 4
fitcommerce/internal/http/auth_handler.go:92.16,94.3 1 0
fitcommerce/internal/http/auth_handler.go:96.2,111.28 2 4
fitcommerce/internal/http/auth_handler.go:111.28,114.3 2 1
fitcommerce/internal/http/auth_handler.go:116.2,116.63 1 4
fitcommerce/internal/http/auth_handler.go:122.59,124.37 2 3
fitcommerce/internal/http/auth_handler.go:124.37,128.3 1 0
fitcommerce/internal/http/auth_handler.go:130.2,131.16 2 3
fitcommerce/internal/http/auth_handler.go:131.16,135.3 1 0
fitcommerce/internal/http/auth_handler.go:137.2,137.96 1 3
fitcommerce/internal/http/auth_handler.go:137.96,139.3 1 2
fitcommerce/internal/http/auth_handler.go:141.2,141.107 1 1
fitcommerce/internal/http/backup_handler.go:21.69,23.2 1 60
fitcommerce/internal/http/backup_handler.go:26.61,28.9 2 1
fitcommerce/internal/http/backup_handler.go:28.9,30.3 1 0
fitcommerce/internal/http/backup_handler.go:32.2,34.16 3 1
fitcommerce/internal/http/backup_handler.go:34.16,36.3 1 0
fitcommerce/internal/http/backup_handler.go:38.2,38.86 1 1
fitcommerce/internal/http/backup_handler.go:42.59,46.16 3 1
fitcommerce/internal/http/backup_handler.go:46.16,48.3 1 0
fitcommerce/internal/http/backup_handler.go:50.2,51.22 2 1
fitcommerce/internal/http/backup_handler.go:51.22,53.3 1 1
fitcommerce/internal/http/backup_handler.go:54.2,57.4 1 1
fitcommerce/internal/http/backup_handler.go:61.60,63.16 2 1
fitcommerce/internal/http/backup_handler.go:63.16,65.3 1 0
fitcommerce/internal/http/backup_handler.go:67.2,68.16 2 1
fitcommerce/internal/http/backup_handler.go:68.16,70.3 1 0
fitcommerce/internal/http/backup_handler.go:72.2,76.5 1 1
fitcommerce/internal/http/backup_handler.go:81.63,91.26 2 2
fitcommerce/internal/http/backup_handler.go:91.26,94.3 2 2
fitcommerce/internal/http/backup_handler.go:95.2,95.13 1 2
fitcommerce/internal/http/biometric_handler.go:23.99,25.2 1 60
fitcommerce/internal/http/biometric_handler.go:28.68,29.35 1 4
fitcommerce/internal/http/biometric_handler.go:29.35,31.3 1 1
fitcommerce/internal/http/biometric_handler.go:33.2,34.37 2 3
fitcommerce/internal/http/biometric_handler.go:34.37,36.3 1 0
fitcommerce/internal/http/biometric_handler.go:38.2,39.16 2 3
fitcommerce/internal/http/biometric_handler.go:39.16,41.3 1 0
fitcommerce/internal/http/biometric_handler.go:43.2,44.16 2 3
fitcommerce/internal/http/biometric_handler.go:44.16,46.3 1 0
fitcommerce/internal/http/biometric_handler.go:48.2,48.95 1 3
fitcommerce/internal/http/biometric_handler.go:52.63,53.35 1 2
fitcommerce/internal/http/biometric_handler.go:53.35,55.3 1 1
fitcommerce/internal/http/biometric_handler.go:57.2,58.16 2 1
fitcommerce/internal/http/biometric_handler.go:58.16,60.3 1 0
fitcommerce/internal/http/biometric_handler.go:62.2,63.16 2 1
fitcommerce/internal/http/biometric_handler.go:63.16,65.3 1 0
fitcommerce/internal/http/biometric_handler.go:67.2,67.90 1 1
fitcommerce/internal/http/biometric_handler.go:71.66,72.35 1 2
fitcommerce/internal/http/biometric_handler.go:72.35,74.3 1 1
fitcommerce/internal/http/biometric_handler.go:76.2,77.16 2 1
fitcommerce/internal/http/biometric_handler.go:77.16,79.3 1 0
fitcommerce/internal/http/biometric_handler.go:81.2,81.68 1 1
fitcommerce/internal/http/biometric_handler.go:81.68,83.3 1 0
fitcommerce/internal/http/biometric_handler.go:85.2,85.119 1 1
fitcommerce/internal/http/biometric_handler.go:89.60,90.35 1 2
fitcommerce/internal/http/biometric_handler.go:90.35,92.3 1 1
fitcommerce/internal/http/biometric_handler.go:94.2,95.9 2 1
fitcommerce/internal/http/biometric_handler.go:95.9,97.3 1 0
fitcommerce/internal/http/biometric_handler.go:99.2,100.16 2 1
fitcommerce/internal/http/biometric_handler.go:100.16,102.3 1 0
fitcommerce/internal/http/biometric_handler.go:104.2,104.87 1 1
fitcommerce/internal/http/biometric_handler.go:108.59,109.35 1 2
fitcommerce/internal/http/biometric_handler.go:109.35,111.3 1 1
fitcommerce/internal/http/biometric_handler.go:113.2,114.16 2 1
fitcommerce/internal/http/biometric_handler.go:114.16,116.3 1 0
fitcommerce/internal/http/biometric_handler.go:118.2,119.22 2 1
fitcommerce/internal/http/biometric_handler.go:119.22,121.3 1 1
fitcommerce/internal/http/biometric_handler.go:122.2,122.63 1 1
fitcommerce/internal/http/biometric_handler.go:127.89,136.2 1 4
fitcommerce/internal/http/biometric_handler.go:138.81,145.2 1 2
fitcommerce/internal/http/campaign_handler.go:22.75,24.2 1 60
fitcommerce/internal/http/campaign_handler.go:27.64,29.9 2 9
fitcommerce/internal/http/campaign_handler.go:29.9,31.3 1 0
fitcommerce/internal/http/campaign_handler.go:33.2,34.37 2 9
fitcommerce/internal/http/campaign_handler.go:34.37,36.3 1 1
fitcommerce/internal/http/campaign_handler.go:37.2,37.41 1 8
fitcommerce/internal/http/campaign_handler.go:37.41,39.3 1 0
fitcommerce/internal/http/campaign_handler.go:41.2,42.16 2 8
fitcommerce/internal/http/campaign_handler.go:42.16,44.3 1 1
fitcommerce/internal/http/campaign_handler.go:46.2,55.16 3 7
fitcommerce/internal/http/campaign_handler.go:55.16,57.3 1 0
fitcommerce/internal/http/campaign_handler.go:58.2,58.91 1 7
fitcommerce/internal/http/campaign_handler.go:62.63,65.16 3 1
fitcommerce/internal/http/campaign_handler.go:65.16,67.3 1 0
fitcommerce/internal/http/campaign_handler.go:69.2,70.27 2 1
fitcommerce/internal/http/campaign_handler.go:70.27,72.3 1 2
fitcommerce/internal/http/campaign_handler.go:73.2,76.4 1 1
fitcommerce/internal/http/campaign_handler.go:80.61,82.16 2 3
fitcommerce/internal/http/campaign_handler.go:82.16,84.3 1 1
fitcommerce/internal/http/campaign_handler.go:86.2,87.16 2 2
fitcommerce/internal/http/campaign_handler.go:87.16,89.3 1 0
fitcommerce/internal/http/campaign_handler.go:90.2,90.87 1 2
fitcommerce/internal/http/campaign_handler.go:94.62,96.9 2 5
fitcommerce/internal/http/campaign_handler.go:96.9,98.3 1 0
fitcommerce/internal/http/campaign_handler.go:100.2,101.16 2 5
fitcommerce/internal/http/campaign_handler.go:101.16,103.3 1 1
fitcommerce/internal/http/campaign_handler.go:105.2,106.37 2 4
fitcommerce/internal/http/campaign_handler.go:106.37,108.3 1 1
fitcommerce/internal/http/campaign_handler.go:109.2,109.41 1 3
fitcommerce/internal/http/campaign_handler.go:109.41,111.3 1 1
fitcommerce/internal/http/campaign_handler.go:113.2,114.16 2 2
fitcommerce/internal/http/campaign_handler.go:114.16,116.3 1 0
fitcommerce/internal/http/campaign_handler.go:117.2,117.98 1 2
fitcommerce/internal/http/campaign_handler.go:121.64,123.9 2 2
fitcommerce/internal/http/campaign_handler.go:123.9,125.3 1 0
fitcommerce/internal/http/campaign_handler.go:127.2,128.16 2 2
fitcommerce/internal/http/campaign_handler.go:128.16,130.3 1 1
fitcommerce/internal/http/campaign_handler.go:132.2,132.73 1 1
fitcommerce/internal/http/campaign_handler.go:132.73,134.3 1 0
fitcommerce/internal/http/campaign_handler.go:135.2,135.109 1 1
fitcommerce/internal/http/campaign_handler.go:139.66,141.9 2 2
fitcommerce/internal/http/campaign_handler.go:141.9,143.3 1 0
fitcommerce/internal/http/campaign_handler.go:145.2,146.16 2 2
fitcommerce/internal/http/campaign_handler.go:146.16,148.3 1 1
fitcommerce/internal/http/campaign_handler.go:150.2,150.101 1 1
fitcommerce/internal/http/campaign_handler.go:150.101,152.3 1 0
fitcommerce/internal/http/campaign_handler.go:153.2,153.109 1 1
fitcommerce/internal/http/campaign_handler.go:158.74,170.26 2 11
fitcommerce/internal/http/campaign_handler.go:170.26,173.3 2 1
fitcommerce/internal/http/campaign_handler.go:174.2,174.10 1 11
fitcommerce/internal/http/campaign_handler.go:177.83,186.2 1 2
fitcommerce/internal/http/coach_handler.go:22.66,24.2 1 60
fitcommerce/internal/http/coach_handler.go:27.58,33.37 2 2
fitcommerce/internal/http/coach_handler.go:33.37,35.3 1 0
fitcommerce/internal/http/coach_handler.go:36.2,36.41 1 2
fitcommerce/internal/http/coach_handler.go:36.41,38.3 1 0
fitcommerce/internal/http/coach_handler.go:40.2,41.16 2 2
fitcommerce/internal/http/coach_handler.go:41.16,43.3 1 1
fitcommerce/internal/http/coach_handler.go:44.2,45.16 2 1
fitcommerce/internal/http/coach_handler.go:45.16,47.3 1 0
fitcommerce/internal/http/coach_handler.go:49.2,55.16 3 1
fitcommerce/internal/http/coach_handler.go:55.16,57.3 1 0
fitcommerce/internal/http/coach_handler.go:58.2,58.88 1 1
fitcommerce/internal/http/coach_handler.go:62.58,64.9 2 2
fitcommerce/internal/http/coach_handler.go:64.9,66.3 1 0
fitcommerce/internal/http/coach_handler.go:68.2,71.47 3 2
fitcommerce/internal/http/coach_handler.go:71.47,73.17 2 2
fitcommerce/internal/http/coach_handler.go:73.17,75.4 1 1
fitcommerce/internal/http/coach_handler.go:76.3,76.19 1 1
fitcommerce/internal/http/coach_handler.go:79.2,80.16 2 1
fitcommerce/internal/http/coach_handler.go:80.16,82.3 1 0
fitcommerce/internal/http/coach_handler.go:83.2,84.25 2 1
fitcommerce/internal/http/coach_handler.go:84.25,86.3 1 1
fitcommerce/internal/http/coach_handler.go:87.2,90.4 1 1
fitcommerce/internal/http/coach_handler.go:94.55,96.16 2 3
fitcommerce/internal/http/coach_handler.go:96.16,98.3 1 1
fitcommerce/internal/http/coach_handler.go:100.2,101.9 2 2
fitcommerce/internal/http/coach_handler.go:101.9,103.3 1 0
fitcommerce/internal/http/coach_handler.go:105.2,106.16 2 2
fitcommerce/internal/http/coach_handler.go:106.16,108.3 1 0
fitcommerce/internal/http/coach_handler.go:110.2,110.81 1 2
fitcommerce/internal/http/coach_handler.go:113.57,123.2 1 4
fitcommerce/internal/http/dashboard_handler.go:22.78,24.2 1 60
fitcommerce/internal/http/dashboard_handler.go:28.58,30.9 2 5
fitcommerce/internal/http/dashboard_handler.go:30.9,32.3 1 0
fitcommerce/internal/http/dashboard_handler.go:34.2,35.47 2 5
fitcommerce/internal/http/dashboard_handler.go:35.47,37.17 2 2
fitcommerce/internal/http/dashboard_handler.go:37.17,39.4 1 0
fitcommerce/internal/http/dashboard_handler.go:40.3,40.19 1 2
fitcommerce/internal/http/dashboard_handler.go:45.2,45.39 1 5
fitcommerce/internal/http/dashboard_handler.go:45.39,46.29 1 2
fitcommerce/internal/http/dashboard_handler.go:46.29,48.4 1 1
fitcommerce/internal/http/dashboard_handler.go:49.3,49.31 1 1
fitcommerce/internal/http/dashboard_handler.go:52.2,53.18 2 4
fitcommerce/internal/http/dashboard_handler.go:53.18,55.3 1 2
fitcommerce/internal/http/dashboard_handler.go:57.2,58.44 2 4
fitcommerce/internal/http/dashboard_handler.go:58.44,60.17 2 2
fitcommerce/internal/http/dashboard_handler.go:60.17,62.4 1 0
fitcommerce/internal/http/dashboard_handler.go:63.3,63.16 1 2
fitcommerce/internal/http/dashboard_handler.go:66.2,71.16 5 4
fitcommerce/internal/http/dashboard_handler.go:71.16,72.57 1 3
fitcommerce/internal/http/dashboard_handler.go:72.57,74.4 1 1
fitcommerce/internal/http/dashboard_handler.go:76.2,76.14 1 3
fitcommerce/internal/http/dashboard_handler.go:76.14,77.55 1 3
fitcommerce/internal/http/dashboard_handler.go:77.55,79.4 1 1
fitcommerce/internal/http/dashboard_handler.go:82.2,83.16 2 2
fitcommerce/internal/http/dashboard_handler.go:83.16,85.3 1 0
fitcommerce/internal/http/dashboard_handler.go:87.2,95.63 2 2
fitcommerce/internal/http/dashboard_handler.go:98.56,105.2 1 12
fitcommerce/internal/http/errors.go:32.83,40.2 1 124
fitcommerce/internal/http/errors.go:44.57,45.16 1 29
fitcommerce/internal/http/errors.go:45.16,47.3 1 0
fitcommerce/internal/http/errors.go:50.2,50.40 1 29
fitcommerce/internal/http/errors.go:50.40,55.3 1 0
fitcommerce/internal/http/errors.go:56.2,56.44 1 29
fitcommerce/internal/http/errors.go:56.44,61.3 1 17
fitcommerce/internal/http/errors.go:62.2,62.41 1 12
fitcommerce/internal/http/errors.go:62.41,67.3 1 4
fitcommerce/internal/http/errors.go:70.2,71.36 2 8
fitcommerce/internal/http/errors.go:71.36,80.3 2 2
fitcommerce/internal/http/errors.go:82.2,83.34 2 6
fitcommerce/internal/http/errors.go:83.34,88.3 1 1
fitcommerce/internal/http/errors.go:90.2,91.32 2 5
fitcommerce/internal/http/errors.go:91.32,93.35 2 1
fitcommerce/internal/http/errors.go:93.35,95.4 1 1
fitcommerce/internal/http/errors.go:96.3,100.5 1 1
fitcommerce/internal/http/errors.go:103.2,104.33 2 4
fitcommerce/internal/http/errors.go:104.33,111.3 1 2
fitcommerce/internal/http/errors.go:113.2,114.36 2 2
fitcommerce/internal/http/errors.go:114.36,119.3 1 0
fitcommerce/internal/http/errors.go:121.2,122.33 2 2
fitcommerce/internal/http/errors.go:122.33,124.45 2 1
fitcommerce/internal/http/errors.go:124.45,126.4 1 1
fitcommerce/internal/http/errors.go:127.3,131.5 1 1
fitcommerce/internal/http/errors.go:134.2,135.31 2 1
fitcommerce/internal/http/errors.go:135.31,137.43 2 0
fitcommerce/internal/http/errors.go:137.43,142.4 1 0
fitcommerce/internal/http/errors.go:143.3,147.5 1 0
fitcommerce/internal/http/errors.go:150.2,151.34 2 1
fitcommerce/internal/http/errors.go:151.34,156.3 1 0
fitcommerce/internal/http/errors.go:158.2,159.35 2 1
fitcommerce/internal/http/errors.go:159.35,164.3 1 0
fitcommerce/internal/http/errors.go:167.2,170.4 1 1
fitcommerce/internal/http/inventory_handler.go:21.78,23.2 1 60
fitcommerce/internal/http/inventory_handler.go:26.63,28.43 2 2
fitcommerce/internal/http/inventory_handler.go:28.43,30.17 2 1
fitcommerce/internal/http/inventory_handler.go:30.17,32.4 1 0
fitcommerce/internal/http/inventory_handler.go:33.3,33.15 1 1
fitcommerce/internal/http/inventory_handler.go:35.2,36.47 2 2
fitcommerce/internal/http/inventory_handler.go:36.47,38.17 2 1
fitcommerce/internal/http/inventory_handler.go:38.17,40.4 1 1
fitcommerce/internal/http/inventory_handler.go:41.3,41.19 1 0
fitcommerce/internal/http/inventory_handler.go:44.2,45.16 2 1
fitcommerce/internal/http/inventory_handler.go:45.16,47.3 1 0
fitcommerce/internal/http/inventory_handler.go:49.2,50.31 2 1
fitcommerce/internal/http/inventory_handler.go:50.31,52.3 1 1
fitcommerce/internal/http/inventory_handler.go:53.2,53.63 1 1
fitcommerce/internal/http/inventory_handler.go:57.67,59.9 2 3
fitcommerce/internal/http/inventory_handler.go:59.9,61.3 1 0
fitcommerce/internal/http/inventory_handler.go:63.2,64.37 2 3
fitcommerce/internal/http/inventory_handler.go:64.37,66.3 1 1
fitcommerce/internal/http/inventory_handler.go:68.2,69.16 2 2
fitcommerce/internal/http/inventory_handler.go:69.16,71.3 1 1
fitcommerce/internal/http/inventory_handler.go:73.2,81.16 3 1
fitcommerce/internal/http/inventory_handler.go:81.16,83.3 1 0
fitcommerce/internal/http/inventory_handler.go:84.2,84.94 1 1
fitcommerce/internal/http/inventory_handler.go:88.66,91.43 3 1
fitcommerce/internal/http/inventory_handler.go:91.43,93.17 2 1
fitcommerce/internal/http/inventory_handler.go:93.17,95.4 1 0
fitcommerce/internal/http/inventory_handler.go:96.3,96.15 1 1
fitcommerce/internal/http/inventory_handler.go:99.2,100.16 2 1
fitcommerce/internal/http/inventory_handler.go:100.16,102.3 1 0
fitcommerce/internal/http/inventory_handler.go:104.2,105.25 2 1
fitcommerce/internal/http/inventory_handler.go:105.25,107.3 1 1
fitcommerce/internal/http/inventory_handler.go:108.2,111.4 1 1
fitcommerce/internal/http/inventory_handler.go:115.69,117.37 2 1
fitcommerce/internal/http/inventory_handler.go:117.37,119.3 1 0
fitcommerce/internal/http/inventory_handler.go:121.2,122.16 2 1
fitcommerce/internal/http/inventory_handler.go:122.16,124.3 1 0
fitcommerce/internal/http/inventory_handler.go:126.2,133.16 3 1
fitcommerce/internal/http/inventory_handler.go:133.16,135.3 1 0
fitcommerce/internal/http/inventory_handler.go:136.2,136.87 1 1
fitcommerce/internal/http/inventory_handler.go:140.68,143.47 3 1
fitcommerce/internal/http/inventory_handler.go:143.47,145.17 2 1
fitcommerce/internal/http/inventory_handler.go:145.17,147.4 1 0
fitcommerce/internal/http/inventory_handler.go:148.3,148.19 1 1
fitcommerce/internal/http/inventory_handler.go:151.2,152.16 2 1
fitcommerce/internal/http/inventory_handler.go:152.16,154.3 1 0
fitcommerce/internal/http/inventory_handler.go:156.2,157.25 2 1
fitcommerce/internal/http/inventory_handler.go:157.25,159.3 1 1
fitcommerce/internal/http/inventory_handler.go:160.2,163.4 1 1
fitcommerce/internal/http/inventory_handler.go:167.66,169.16 2 1
fitcommerce/internal/http/inventory_handler.go:169.16,171.3 1 0
fitcommerce/internal/http/inventory_handler.go:173.2,174.16 2 1
fitcommerce/internal/http/inventory_handler.go:174.16,176.3 1 0
fitcommerce/internal/http/inventory_handler.go:177.2,177.78 1 1
fitcommerce/internal/http/inventory_handler.go:182.84,189.26 2 1
fitcommerce/internal/http/inventory_handler.go:189.26,192.3 2 1
fitcommerce/internal/http/inventory_handler.go:193.2,193.10 1 1
fitcommerce/internal/http/inventory_handler.go:196.89,205.2 1 2
fitcommerce/internal/http/inventory_handler.go:207.68,216.2 1 3
fitcommerce/internal/http/item_handler.go:22.63,24.2 1 60
fitcommerce/internal/http/item_handler.go:27.56,29.9 2 6
fitcommerce/internal/http/item_handler.go:29.9,31.3 1 0
fitcommerce/internal/http/item_handler.go:33.2,34.37 2 6
fitcommerce/internal/http/item_handler.go:34.37,36.3 1 1
fitcommerce/internal/http/item_handler.go:37.2,37.41 1 5
fitcommerce/internal/http/item_handler.go:37.41,39.3 1 0
fitcommerce/internal/http/item_handler.go:41.2,54.27 2 5
fitcommerce/internal/http/item_handler.go:54.27,56.17 2 2
fitcommerce/internal/http/item_handler.go:56.17,58.4 1 1
fitcommerce/internal/http/item_handler.go:59.3,59.24 1 1
fitcommerce/internal/http/item_handler.go:62.2,63.44 2 4
fitcommerce/internal/http/item_handler.go:63.44,65.3 1 4
fitcommerce/internal/http/item_handler.go:66.2,67.40 2 4
fitcommerce/internal/http/item_handler.go:67.40,69.3 1 2
fitcommerce/internal/http/item_handler.go:71.2,72.16 2 4
fitcommerce/internal/http/item_handler.go:72.16,74.3 1 0
fitcommerce/internal/http/item_handler.go:75.2,75.105 1 4
fitcommerce/internal/http/item_handler.go:79.55,82.73 3 1
fitcommerce/internal/http/item_handler.go:82.73,83.36 1 4
fitcommerce/internal/http/item_handler.go:83.36,85.4 1 1
fitcommerce/internal/http/item_handler.go:88.2,89.16 2 1
fitcommerce/internal/http/item_handler.go:89.16,91.3 1 0
fitcommerce/internal/http/item_handler.go:93.2,94.23 2 1
fitcommerce/internal/http/item_handler.go:94.23,96.3 1 1
fitcommerce/internal/http/item_handler.go:97.2,100.4 1 1
fitcommerce/internal/http/item_handler.go:104.53,106.16 2 2
fitcommerce/internal/http/item_handler.go:106.16,108.3 1 1
fitcommerce/internal/http/item_handler.go:110.2,111.16 2 1
fitcommerce/internal/http/item_handler.go:111.16,113.3 1 0
fitcommerce/internal/http/item_handler.go:115.2,117.4 1 1
fitcommerce/internal/http/item_handler.go:121.56,122.50 1 5
fitcommerce/internal/http/item_handler.go:122.50,124.3 1 0
fitcommerce/internal/http/item_handler.go:126.2,127.16 2 5
fitcommerce/internal/http/item_handler.go:127.16,129.3 1 0
fitcommerce/internal/http/item_handler.go:131.2,132.37 2 5
fitcommerce/internal/http/item_handler.go:132.37,134.3 1 1
fitcommerce/internal/http/item_handler.go:135.2,135.41 1 4
fitcommerce/internal/http/item_handler.go:135.41,137.3 1 0
fitcommerce/internal/http/item_handler.go:140.2,141.16 2 4
fitcommerce/internal/http/item_handler.go:141.16,143.3 1 0
fitcommerce/internal/http/item_handler.go:145.2,163.20 2 4
fitcommerce/internal/http/item_handler.go:163.20,165.3 1 1
fitcommerce/internal/http/item_handler.go:166.2,166.21 1 4
fitcommerce/internal/http/item_handler.go:166.21,168.3 1 3
fitcommerce/internal/http/item_handler.go:169.2,169.28 1 4
fitcommerce/internal/http/item_handler.go:169.28,171.3 1 1
fitcommerce/internal/http/item_handler.go:172.2,172.25 1 4
fitcommerce/internal/http/item_handler.go:172.25,174.3 1 1
fitcommerce/internal/http/item_handler.go:175.2,175.22 1 4
fitcommerce/internal/http/item_handler.go:175.22,177.3 1 1
fitcommerce/internal/http/item_handler.go:178.2,178.26 1 4
fitcommerce/internal/http/item_handler.go:178.26,180.3 1 1
fitcommerce/internal/http/item_handler.go:181.2,181.26 1 4
fitcommerce/internal/http/item_handler.go:181.26,183.3 1 1
fitcommerce/internal/http/item_handler.go:184.2,184.34 1 4
fitcommerce/internal/http/item_handler.go:184.34,186.3 1 1
fitcommerce/internal/http/item_handler.go:187.2,187.29 1 4
fitcommerce/internal/http/item_handler.go:187.29,189.3 1 1
fitcommerce/internal/http/item_handler.go:190.2,190.25 1 4
fitcommerce/internal/http/item_handler.go:190.25,192.3 1 2
fitcommerce/internal/http/item_handler.go:193.2,193.27 1 4
fitcommerce/internal/http/item_handler.go:193.27,195.17 2 2
fitcommerce/internal/http/item_handler.go:195.17,197.4 1 1
fitcommerce/internal/http/item_handler.go:198.3,198.25 1 1
fitcommerce/internal/http/item_handler.go:201.2,202.36 2 3
fitcommerce/internal/http/item_handler.go:202.36,204.46 2 1
fitcommerce/internal/http/item_handler.go:204.46,206.4 1 1
fitcommerce/internal/http/item_handler.go:208.2,209.32 2 3
fitcommerce/internal/http/item_handler.go:209.32,211.42 2 1
fitcommerce/internal/http/item_handler.go:211.42,213.4 1 1
fitcommerce/internal/http/item_handler.go:216.2,217.16 2 3
fitcommerce/internal/http/item_handler.go:217.16,219.3 1 1
fitcommerce/internal/http/item_handler.go:221.2,222.16 2 2
fitcommerce/internal/http/item_handler.go:222.16,224.3 1 0
fitcommerce/internal/http/item_handler.go:226.2,228.4 1 2
fitcommerce/internal/http/item_handler.go:232.57,234.16 2 2
fitcommerce/internal/http/item_handler.go:234.16,236.3 1 0
fitcommerce/internal/http/item_handler.go:237.2,237.65 1 2
fitcommerce/internal/http/item_handler.go:237.65,239.3 1 1
fitcommerce/internal/http/item_handler.go:240.2,240.105 1 1
fitcommerce/internal/http/item_handler.go:244.59,246.16 2 1
fitcommerce/internal/http/item_handler.go:246.16,248.3 1 0
fitcommerce/internal/http/item_handler.go:249.2,249.67 1 1
fitcommerce/internal/http/item_handler.go:249.67,251.3 1 0
fitcommerce/internal/http/item_handler.go:252.2,252.107 1 1
fitcommerce/internal/http/item_handler.go:256.55,258.9 2 2
fitcommerce/internal/http/item_handler.go:258.9,260.3 1 0
fitcommerce/internal/http/item_handler.go:262.2,263.37 2 2
fitcommerce/internal/http/item_handler.go:263.37,265.3 1 0
fitcommerce/internal/http/item_handler.go:266.2,266.25 1 2
fitcommerce/internal/http/item_handler.go:266.25,268.3 1 0
fitcommerce/internal/http/item_handler.go:270.2,271.30 2 2
fitcommerce/internal/http/item_handler.go:271.30,273.17 2 4
fitcommerce/internal/http/item_handler.go:273.17,275.4 1 0
fitcommerce/internal/http/item_handler.go:277.3,278.50 2 4
fitcommerce/internal/http/item_handler.go:278.50,283.4 1 2
fitcommerce/internal/http/item_handler.go:285.3,290.4 1 4
fitcommerce/internal/http/item_handler.go:293.2,294.16 2 2
fitcommerce/internal/http/item_handler.go:294.16,296.3 1 0
fitcommerce/internal/http/item_handler.go:298.2,299.28 2 2
fitcommerce/internal/http/item_handler.go:299.28,308.3 1 4
fitcommerce/internal/http/item_handler.go:309.2,310.26 2 2
fitcommerce/internal/http/item_handler.go:310.26,312.3 1 2
fitcommerce/internal/http/item_handler.go:314.2,320.5 1 2
fitcommerce/internal/http/item_handler.go:325.127,344.28 2 8
fitcommerce/internal/http/item_handler.go:344.28,347.3 2 2
fitcommerce/internal/http/item_handler.go:348.2,348.26 1 8
fitcommerce/internal/http/item_handler.go:348.26,354.3 1 7
fitcommerce/internal/http/item_handler.go:355.2,355.30 1 8
fitcommerce/internal/http/item_handler.go:355.30,361.3 1 3
fitcommerce/internal/http/item_handler.go:362.2,362.10 1 8
fitcommerce/internal/http/item_handler.go:366.49,369.71 3 21
fitcommerce/internal/http/item_handler.go:369.71,371.3 1 0
fitcommerce/internal/http/item_handler.go:372.2,372.91 1 21
fitcommerce/internal/http/item_handler.go:372.91,374.3 1 0
fitcommerce/internal/http/item_handler.go:375.2,375.23 1 21
fitcommerce/internal/http/item_handler.go:379.67,381.25 2 19
fitcommerce/internal/http/item_handler.go:381.25,383.3 1 19
fitcommerce/internal/http/item_handler.go:384.2,389.3 1 19
fitcommerce/internal/http/landed_cost_handler.go:19.81,21.2 1 60
fitcommerce/internal/http/landed_cost_handler.go:25.66,27.21 2 3
fitcommerce/internal/http/landed_cost_handler.go:27.21,29.3 1 1
fitcommerce/internal/http/landed_cost_handler.go:30.2,31.16 2 2
fitcommerce/internal/http/landed_cost_handler.go:31.16,33.3 1 1
fitcommerce/internal/http/landed_cost_handler.go:34.2,35.18 2 1
fitcommerce/internal/http/landed_cost_handler.go:35.18,37.3 1 0
fitcommerce/internal/http/landed_cost_handler.go:39.2,40.16 2 1
fitcommerce/internal/http/landed_cost_handler.go:40.16,42.3 1 0
fitcommerce/internal/http/landed_cost_handler.go:44.2,45.28 2 1
fitcommerce/internal/http/landed_cost_handler.go:45.28,58.3 1 0
fitcommerce/internal/http/landed_cost_handler.go:59.2,59.63 1 1
fitcommerce/internal/http/landed_cost_handler.go:63.70,65.16 2 1
fitcommerce/internal/http/landed_cost_handler.go:65.16,67.3 1 0
fitcommerce/internal/http/landed_cost_handler.go:69.2,70.16 2 1
fitcommerce/internal/http/landed_cost_handler.go:70.16,72.3 1 0
fitcommerce/internal/http/landed_cost_handler.go:74.2,75.28 2 1
fitcommerce/internal/http/landed_cost_handler.go:75.28,88.3 1 1
fitcommerce/internal/http/landed_cost_handler.go:89.2,89.63 1 1
fitcommerce/internal/http/location_handler.go:22.75,24.2 1 60
fitcommerce/internal/http/location_handler.go:27.64,29.37 2 2
fitcommerce/internal/http/location_handler.go:29.37,31.3 1 0
fitcommerce/internal/http/location_handler.go:32.2,32.41 1 2
fitcommerce/internal/http/location_handler.go:32.41,34.3 1 1
fitcommerce/internal/http/location_handler.go:36.2,42.16 3 1
fitcommerce/internal/http/location_handler.go:42.16,44.3 1 0
fitcommerce/internal/http/location_handler.go:45.2,45.91 1 1
fitcommerce/internal/http/location_handler.go:49.63,51.9 2 2
fitcommerce/internal/http/location_handler.go:51.9,53.3 1 0
fitcommerce/internal/http/location_handler.go:55.2,59.73 2 2
fitcommerce/internal/http/location_handler.go:59.73,61.17 2 1
fitcommerce/internal/http/location_handler.go:61.17,63.4 1 0
fitcommerce/internal/http/location_handler.go:64.3,67.5 1 1
fitcommerce/internal/http/location_handler.go:70.2,71.16 2 1
fitcommerce/internal/http/location_handler.go:71.16,73.3 1 0
fitcommerce/internal/http/location_handler.go:74.2,75.22 2 1
fitcommerce/internal/http/location_handler.go:75.22,77.3 1 1
fitcommerce/internal/http/location_handler.go:78.2,81.4 1 1
fitcommerce/internal/http/location_handler.go:85.61,87.16 2 3
fitcommerce/internal/http/location_handler.go:87.16,89.3 1 1
fitcommerce/internal/http/location_handler.go:91.2,92.9 2 2
fitcommerce/internal/http/location_handler.go:92.9,94.3 1 0
fitcommerce/internal/http/location_handler.go:97.2,97.73 1 2
fitcommerce/internal/http/location_handler.go:97.73,98.29 1 2
fitcommerce/internal/http/location_handler.go:98.29,100.4 1 1
fitcommerce/internal/http/location_handler.go:103.2,104.16 2 1
fitcommerce/internal/http/location_handler.go:104.16,106.3 1 0
fitcommerce/internal/http/location_handler.go:107.2,107.82 1 1
fitcommerce/internal/http/location_handler.go:110.68,120.2 1 4
fitcommerce/internal/http/member_handler.go:22.69,24.2 1 60
fitcommerce/internal/http/member_handler.go:27.60,32.37 2 2
fitcommerce/internal/http/member_handler.go:32.37,34.3 1 0
fitcommerce/internal/http/member_handler.go:35.2,35.41 1 2
fitcommerce/internal/http/member_handler.go:35.41,37.3 1 0
fitcommerce/internal/http/member_handler.go:39.2,40.16 2 2
fitcommerce/internal/http/member_handler.go:40.16,42.3 1 1
fitcommerce/internal/http/member_handler.go:43.2,44.16 2 1
fitcommerce/internal/http/member_handler.go:44.16,46.3 1 0
fitcommerce/internal/http/member_handler.go:48.2,50.16 3 1
fitcommerce/internal/http/member_handler.go:50.16,52.3 1 0
fitcommerce/internal/http/member_handler.go:53.2,53.89 1 1
fitcommerce/internal/http/member_handler.go:57.59,59.9 2 2
fitcommerce/internal/http/member_handler.go:59.9,61.3 1 0
fitcommerce/internal/http/member_handler.go:63.2,66.47 3 2
fitcommerce/internal/http/member_handler.go:66.47,68.17 2 2
fitcommerce/internal/http/member_handler.go:68.17,70.4 1 1
fitcommerce/internal/http/member_handler.go:71.3,71.19 1 1
fitcommerce/internal/http/member_handler.go:74.2,75.16 2 1
fitcommerce/internal/http/member_handler.go:75.16,77.3 1 0
fitcommerce/internal/http/member_handler.go:78.2,79.25 2 1
fitcommerce/internal/http/member_handler.go:79.25,81.3 1 1
fitcommerce/internal/http/member_handler.go:82.2,85.4 1 1
fitcommerce/internal/http/member_handler.go:89.57,91.16 2 4
fitcommerce/internal/http/member_handler.go:91.16,93.3 1 1
fitcommerce/internal/http/member_handler.go:95.2,96.9 2 3
fitcommerce/internal/http/member_handler.go:96.9,98.3 1 0
fitcommerce/internal/http/member_handler.go:100.2,101.16 2 3
fitcommerce/internal/http/member_handler.go:101.16,103.3 1 1
fitcommerce/internal/http/member_handler.go:105.2,105.83 1 2
fitcommerce/internal/http/member_handler.go:108.60,118.26 2 4
fitcommerce/internal/http/member_handler.go:118.26,121.3 2 2
fitcommerce/internal/http/member_handler.go:122.2,122.10 1 4
fitcommerce/internal/http/middleware.go:17.77,18.54 1 60
fitcommerce/internal/http/middleware.go:18.54,19.37 1 260
fitcommerce/internal/http/middleware.go:19.37,21.19 2 260
fitcommerce/internal/http/middleware.go:21.19,25.5 1 2
fitcommerce/internal/http/middleware.go:27.4,28.18 2 258
fitcommerce/internal/http/middleware.go:28.18,32.5 1 3
fitcommerce/internal/http/middleware.go:34.4,35.18 2 255
fitcommerce/internal/http/middleware.go:43.60,44.54 1 1920
fitcommerce/internal/http/middleware.go:44.54,45.37 1 245
fitcommerce/internal/http/middleware.go:45.37,47.11 2 244
fitcommerce/internal/http/middleware.go:47.11,51.5 1 0
fitcommerce/internal/http/middleware.go:53.4,53.35 1 244
fitcommerce/internal/http/middleware.go:53.35,54.50 1 247
fitcommerce/internal/http/middleware.go:54.50,56.6 1 231
fitcommerce/internal/http/middleware.go:59.4,61.6 1 13
fitcommerce/internal/http/middleware.go:68.48,69.54 1 60
fitcommerce/internal/http/middleware.go:69.54,70.37 1 367
fitcommerce/internal/http/middleware.go:70.37,72.19 2 367
fitcommerce/internal/http/middleware.go:72.19,74.5 1 367
fitcommerce/internal/http/middleware.go:75.4,77.18 3 367
fitcommerce/internal/http/middleware.go:84.65,85.54 1 60
fitcommerce/internal/http/middleware.go:85.54,86.37 1 367
fitcommerce/internal/http/middleware.go:86.37,87.17 1 367
fitcommerce/internal/http/middleware.go:87.17,88.33 1 367
fitcommerce/internal/http/middleware.go:88.33,97.6 2 0
fitcommerce/internal/http/middleware.go:99.4,99.18 1 367
fitcommerce/internal/http/order_handler.go:21.66,23.2 1 60
fitcommerce/internal/http/order_handler.go:26.58,28.9 2 19
fitcommerce/internal/http/order_handler.go:28.9,30.3 1 0
fitcommerce/internal/http/order_handler.go:32.2,33.37 2 19
fitcommerce/internal/http/order_handler.go:33.37,35.3 1 0
fitcommerce/internal/http/order_handler.go:36.2,36.41 1 19
fitcommerce/internal/http/order_handler.go:36.41,38.3 1 0
fitcommerce/internal/http/order_handler.go:40.2,41.16 2 19
fitcommerce/internal/http/order_handler.go:41.16,43.3 1 0
fitcommerce/internal/http/order_handler.go:45.2,50.27 2 19
fitcommerce/internal/http/order_handler.go:50.27,52.17 2 1
fitcommerce/internal/http/order_handler.go:52.17,54.4 1 1
fitcommerce/internal/http/order_handler.go:55.3,55.26 1 0
fitcommerce/internal/http/order_handler.go:58.2,59.16 2 18
fitcommerce/internal/http/order_handler.go:59.16,61.3 1 0
fitcommerce/internal/http/order_handler.go:62.2,62.88 1 18
fitcommerce/internal/http/order_handler.go:67.57,69.9 2 2
fitcommerce/internal/http/order_handler.go:69.9,71.3 1 0
fitcommerce/internal/http/order_handler.go:73.2,76.16 3 2
fitcommerce/internal/http/order_handler.go:76.16,78.3 1 0
fitcommerce/internal/http/order_handler.go:80.2,81.24 2 2
fitcommerce/internal/http/order_handler.go:81.24,83.3 1 3
fitcommerce/internal/http/order_handler.go:84.2,87.4 1 2
fitcommerce/internal/http/order_handler.go:92.55,94.9 2 5
fitcommerce/internal/http/order_handler.go:94.9,96.3 1 0
fitcommerce/internal/http/order_handler.go:98.2,99.16 2 5
fitcommerce/internal/http/order_handler.go:99.16,101.3 1 1
fitcommerce/internal/http/order_handler.go:103.2,104.16 2 4
fitcommerce/internal/http/order_handler.go:104.16,106.3 1 1
fitcommerce/internal/http/order_handler.go:108.2,108.81 1 3
fitcommerce/internal/http/order_handler.go:112.55,114.9 2 3
fitcommerce/internal/http/order_handler.go:114.9,116.3 1 0
fitcommerce/internal/http/order_handler.go:118.2,119.16 2 3
fitcommerce/internal/http/order_handler.go:119.16,121.3 1 1
fitcommerce/internal/http/order_handler.go:123.2,124.37 2 2
fitcommerce/internal/http/order_handler.go:124.37,126.3 1 0
fitcommerce/internal/http/order_handler.go:128.2,128.92 1 2
fitcommerce/internal/http/order_handler.go:128.92,130.3 1 0
fitcommerce/internal/http/order_handler.go:131.2,131.101 1 2
fitcommerce/internal/http/order_handler.go:138.58,140.9 2 4
fitcommerce/internal/http/order_handler.go:140.9,142.3 1 0
fitcommerce/internal/http/order_handler.go:144.2,145.16 2 4
fitcommerce/internal/http/order_handler.go:145.16,147.3 1 1
fitcommerce/internal/http/order_handler.go:149.2,149.78 1 3
fitcommerce/internal/http/order_handler.go:149.78,151.3 1 1
fitcommerce/internal/http/order_handler.go:152.2,152.106 1 2
fitcommerce/internal/http/order_handler.go:156.58,158.9 2 3
fitcommerce/internal/http/order_handler.go:158.9,160.3 1 0
fitcommerce/internal/http/order_handler.go:162.2,163.16 2 3
fitcommerce/internal/http/order_handler.go:163.16,165.3 1 1
fitcommerce/internal/http/order_handler.go:167.2,167.73 1 2
fitcommerce/internal/http/order_handler.go:167.73,169.3 1 0
fitcommerce/internal/http/order_handler.go:170.2,170.105 1 2
fitcommerce/internal/http/order_handler.go:174.59,176.9 2 2
fitcommerce/internal/http/order_handler.go:176.9,178.3 1 0
fitcommerce/internal/http/order_handler.go:180.2,181.16 2 2
fitcommerce/internal/http/order_handler.go:181.16,183.3 1 1
fitcommerce/internal/http/order_handler.go:185.2,186.37 2 1
fitcommerce/internal/http/order_handler.go:186.37,188.3 1 0
fitcommerce/internal/http/order_handler.go:190.2,190.84 1 1
fitcommerce/internal/http/order_handler.go:190.84,192.3 1 0
fitcommerce/internal/http/order_handler.go:193.2,193.101 1 1
fitcommerce/internal/http/order_handler.go:197.63,199.9 2 2
fitcommerce/internal/http/order_handler.go:199.9,201.3 1 0
fitcommerce/internal/http/order_handler.go:203.2,204.16 2 2
fitcommerce/internal/http/order_handler.go:204.16,206.3 1 1
fitcommerce/internal/http/order_handler.go:208.2,209.16 2 1
fitcommerce/internal/http/order_handler.go:209.16,211.3 1 0
fitcommerce/internal/http/order_handler.go:213.2,214.28 2 1
fitcommerce/internal/http/order_handler.go:214.28,223.3 1 4
fitcommerce/internal/http/order_handler.go:224.2,224.63 1 1
fitcommerce/internal/http/order_handler.go:228.57,230.9 2 6
fitcommerce/internal/http/order_handler.go:230.9,232.3 1 0
fitcommerce/internal/http/order_handler.go:234.2,235.16 2 6
fitcommerce/internal/http/order_handler.go:235.16,237.3 1 0
fitcommerce/internal/http/order_handler.go:239.2,240.37 2 6
fitcommerce/internal/http/order_handler.go:240.37,242.3 1 0
fitcommerce/internal/http/order_handler.go:244.2,245.21 2 6
fitcommerce/internal/http/order_handler.go:245.21,247.3 1 2
fitcommerce/internal/http/order_handler.go:249.2,250.16 2 4
fitcommerce/internal/http/order_handler.go:250.16,252.3 1 2
fitcommerce/internal/http/order_handler.go:254.2,255.26 2 2
fitcommerce/internal/http/order_handler.go:255.26,257.3 1 4
fitcommerce/internal/http/order_handler.go:258.2,258.68 1 2
fitcommerce/internal/http/order_handler.go:262.58,264.9 2 2
fitcommerce/internal/http/order_handler.go:264.9,266.3 1 0
fitcommerce/internal/http/order_handler.go:268.2,269.37 2 2
fitcommerce/internal/http/order_handler.go:269.37,271.3 1 0
fitcommerce/internal/http/order_handler.go:273.2,274.33 2 2
fitcommerce/internal/http/order_handler.go:274.33,276.17 2 3
fitcommerce/internal/http/order_handler.go:276.17,278.4 1 1
fitcommerce/internal/http/order_handler.go:279.3,279.20 1 2
fitcommerce/internal/http/order_handler.go:282.2,283.21 2 1
fitcommerce/internal/http/order_handler.go:283.21,285.3 1 0
fitcommerce/internal/http/order_handler.go:287.2,288.16 2 1
fitcommerce/internal/http/order_handler.go:288.16,290.3 1 0
fitcommerce/internal/http/order_handler.go:291.2,291.87 1 1
fitcommerce/internal/http/order_handler.go:297.131,298.69 1 7
fitcommerce/internal/http/order_handler.go:298.69,300.3 1 3
fitcommerce/internal/http/order_handler.go:301.2,302.23 2 4
fitcommerce/internal/http/order_handler.go:302.23,304.17 2 2
fitcommerce/internal/http/order_handler.go:304.17,306.4 1 1
fitcommerce/internal/http/order_handler.go:307.3,307.22 1 1
fitcommerce/internal/http/order_handler.go:309.2,309.27 1 3
fitcommerce/internal/http/order_handler.go:309.27,311.17 2 2
fitcommerce/internal/http/order_handler.go:311.17,313.4 1 1
fitcommerce/internal/http/order_handler.go:314.3,314.26 1 1
fitcommerce/internal/http/order_handler.go:316.2,316.20 1 2
fitcommerce/internal/http/order_handler.go:321.57,336.25 2 29
fitcommerce/internal/http/order_handler.go:336.25,339.3 2 1
fitcommerce/internal/http/order_handler.go:340.2,340.21 1 29
fitcommerce/internal/http/order_handler.go:340.21,343.3 2 1
fitcommerce/internal/http/order_handler.go:344.2,344.26 1 29
fitcommerce/internal/http/order_handler.go:344.26,347.3 2 1
fitcommerce/internal/http/order_handler.go:348.2,348.25 1 29
fitcommerce/internal/http/order_handler.go:348.25,351.3 2 1
fitcommerce/internal/http/order_handler.go:352.2,352.10 1 29
fitcommerce/internal/http/procurement_handler.go:22.86,24.2 1 60
fitcommerce/internal/http/procurement_handler.go:27.61,29.9 2 6
fitcommerce/internal/http/procurement_handler.go:29.9,31.3 1 0
fitcommerce/internal/http/procurement_handler.go:33.2,34.37 2 6
fitcommerce/internal/http/procurement_handler.go:34.37,36.3 1 0
fitcommerce/internal/http/procurement_handler.go:37.2,37.41 1 6
fitcommerce/internal/http/procurement_handler.go:37.41,39.3 1 0
fitcommerce/internal/http/procurement_handler.go:41.2,42.16 2 6
fitcommerce/internal/http/procurement_handler.go:42.16,44.3 1 1
fitcommerce/internal/http/procurement_handler.go:46.2,52.30 3 5
fitcommerce/internal/http/procurement_handler.go:52.30,54.17 2 5
fitcommerce/internal/http/procurement_handler.go:54.17,56.4 1 1
fitcommerce/internal/http/procurement_handler.go:57.3,61.4 1 4
fitcommerce/internal/http/procurement_handler.go:64.2,65.16 2 4
fitcommerce/internal/http/procurement_handler.go:65.16,67.3 1 0
fitcommerce/internal/http/procurement_handler.go:69.2,70.16 2 4
fitcommerce/internal/http/procurement_handler.go:70.16,72.3 1 0
fitcommerce/internal/http/procurement_handler.go:74.2,74.101 1 4
fitcommerce/internal/http/procurement_handler.go:78.60,82.16 3 1
fitcommerce/internal/http/procurement_handler.go:82.16,84.3 1 0
fitcommerce/internal/http/procurement_handler.go:86.2,87.21 2 1
fitcommerce/internal/http/procurement_handler.go:87.21,89.3 1 1
fitcommerce/internal/http/procurement_handler.go:91.2,94.4 1 1
fitcommerce/internal/http/procurement_handler.go:98.58,100.16 2 4
fitcommerce/internal/http/procurement_handler.go:100.16,102.3 1 1
fitcommerce/internal/http/procurement_handler.go:104.2,105.16 2 3
fitcommerce/internal/http/procurement_handler.go:105.16,107.3 1 0
fitcommerce/internal/http/procurement_handler.go:109.2,109.82 1 3
fitcommerce/internal/http/procurement_handler.go:113.62,115.9 2 5
fitcommerce/internal/http/procurement_handler.go:115.9,117.3 1 0
fitcommerce/internal/http/procurement_handler.go:119.2,120.16 2 5
fitcommerce/internal/http/procurement_handler.go:120.16,122.3 1 1
fitcommerce/internal/http/procurement_handler.go:124.2,124.74 1 4
fitcommerce/internal/http/procurement_handler.go:124.74,126.3 1 0
fitcommerce/internal/http/procurement_handler.go:128.2,128.99 1 4
fitcommerce/internal/http/procurement_handler.go:132.62,134.9 2 6
fitcommerce/internal/http/procurement_handler.go:134.9,136.3 1 0
fitcommerce/internal/http/procurement_handler.go:138.2,139.16 2 6
fitcommerce/internal/http/procurement_handler.go:139.16,141.3 1 1
fitcommerce/internal/http/procurement_handler.go:143.2,144.37 2 5
fitcommerce/internal/http/procurement_handler.go:144.37,146.3 1 1
fitcommerce/internal/http/procurement_handler.go:147.2,147.41 1 4
fitcommerce/internal/http/procurement_handler.go:147.41,149.3 1 0
fitcommerce/internal/http/procurement_handler.go:151.2,152.30 2 4
fitcommerce/internal/http/procurement_handler.go:152.30,154.17 2 4
fitcommerce/internal/http/procurement_handler.go:154.17,156.4 1 1
fitcommerce/internal/http/procurement_handler.go:157.3,161.4 1 3
fitcommerce/internal/http/procurement_handler.go:164.2,164.89 1 3
fitcommerce/internal/http/procurement_handler.go:164.89,166.3 1 0
fitcommerce/internal/http/procurement_handler.go:168.2,168.99 1 3
fitcommerce/internal/http/procurement_handler.go:172.61,174.9 2 2
fitcommerce/internal/http/procurement_handler.go:174.9,176.3 1 0
fitcommerce/internal/http/procurement_handler.go:178.2,179.16 2 2
fitcommerce/internal/http/procurement_handler.go:179.16,181.3 1 1
fitcommerce/internal/http/procurement_handler.go:183.2,183.73 1 1
fitcommerce/internal/http/procurement_handler.go:183.73,185.3 1 0
fitcommerce/internal/http/procurement_handler.go:187.2,187.99 1 1
fitcommerce/internal/http/procurement_handler.go:191.59,193.9 2 2
fitcommerce/internal/http/procurement_handler.go:193.9,195.3 1 0
fitcommerce/internal/http/procurement_handler.go:197.2,198.16 2 2
fitcommerce/internal/http/procurement_handler.go:198.16,200.3 1 1
fitcommerce/internal/http/procurement_handler.go:202.2,202.71 1 1
fitcommerce/internal/http/procurement_handler.go:202.71,204.3 1 0
fitcommerce/internal/http/procurement_handler.go:206.2,206.97 1 1
fitcommerce/internal/http/procurement_handler.go:211.105,213.23 2 8
fitcommerce/internal/http/procurement_handler.go:213.23,215.3 1 7
fitcommerce/internal/http/procurement_handler.go:217.2,229.3 1 8
fitcommerce/internal/http/procurement_handler.go:232.74,242.2 1 7
fitcommerce/internal/http/procurement_handler.go:244.43,245.15 1 8
fitcommerce/internal/http/procurement_handler.go:245.15,247.3 1 6
fitcommerce/internal/http/procurement_handler.go:248.2,249.11 2 2
fitcommerce/internal/http/procurement_handler.go:252.42,253.14 1 16
fitcommerce/internal/http/procurement_handler.go:253.14,255.3 1 13
fitcommerce/internal/http/procurement_handler.go:256.2,257.11 2 3
fitcommerce/internal/http/report_handler.go:23.69,25.2 1 60
fitcommerce/internal/http/report_handler.go:28.59,30.9 2 6
fitcommerce/internal/http/report_handler.go:30.9,32.3 1 0
fitcommerce/internal/http/report_handler.go:34.2,35.16 2 6
fitcommerce/internal/http/report_handler.go:35.16,37.3 1 0
fitcommerce/internal/http/report_handler.go:39.2,40.25 2 6
fitcommerce/internal/http/report_handler.go:40.25,42.3 1 54
fitcommerce/internal/http/report_handler.go:43.2,43.63 1 6
fitcommerce/internal/http/report_handler.go:47.61,49.9 2 4
fitcommerce/internal/http/report_handler.go:49.9,51.3 1 0
fitcommerce/internal/http/report_handler.go:53.2,54.16 2 4
fitcommerce/internal/http/report_handler.go:54.16,56.3 1 0
fitcommerce/internal/http/report_handler.go:59.2,60.16 2 4
fitcommerce/internal/http/report_handler.go:60.16,62.3 1 0
fitcommerce/internal/http/report_handler.go:63.2,64.40 2 4
fitcommerce/internal/http/report_handler.go:64.40,65.21 1 11
fitcommerce/internal/http/report_handler.go:65.21,67.9 2 3
fitcommerce/internal/http/report_handler.go:70.2,70.14 1 4
fitcommerce/internal/http/report_handler.go:70.14,72.3 1 1
fitcommerce/internal/http/report_handler.go:74.2,75.36 2 3
fitcommerce/internal/http/report_handler.go:75.36,76.17 1 0
fitcommerce/internal/http/report_handler.go:76.17,78.4 1 0
fitcommerce/internal/http/report_handler.go:83.2,83.39 1 3
fitcommerce/internal/http/report_handler.go:83.39,84.29 1 3
fitcommerce/internal/http/report_handler.go:84.29,86.4 1 1
fitcommerce/internal/http/report_handler.go:87.3,87.52 1 2
fitcommerce/internal/http/report_handler.go:91.2,92.16 2 2
fitcommerce/internal/http/report_handler.go:92.16,94.3 1 0
fitcommerce/internal/http/report_handler.go:96.2,96.65 1 2
fitcommerce/internal/http/report_handler.go:100.57,102.9 2 4
fitcommerce/internal/http/report_handler.go:102.9,104.3 1 0
fitcommerce/internal/http/report_handler.go:106.2,107.37 2 4
fitcommerce/internal/http/report_handler.go:107.37,109.3 1 1
fitcommerce/internal/http/report_handler.go:110.2,110.41 1 3
fitcommerce/internal/http/report_handler.go:110.41,112.3 1 0
fitcommerce/internal/http/report_handler.go:114.2,115.16 2 3
fitcommerce/internal/http/report_handler.go:115.16,117.3 1 1
fitcommerce/internal/http/report_handler.go:120.2,120.39 1 2
fitcommerce/internal/http/report_handler.go:120.39,121.29 1 1
fitcommerce/internal/http/report_handler.go:121.29,123.4 1 0
fitcommerce/internal/http/report_handler.go:124.3,124.28 1 1
fitcommerce/internal/http/report_handler.go:124.28,126.4 1 1
fitcommerce/internal/http/report_handler.go:127.3,127.59 1 1
fitcommerce/internal/http/report_handler.go:130.2,131.16 2 2
fitcommerce/internal/http/report_handler.go:131.16,133.3 1 0
fitcommerce/internal/http/report_handler.go:135.2,135.86 1 2
fitcommerce/internal/http/report_handler.go:139.57,141.9 2 3
fitcommerce/internal/http/report_handler.go:141.9,143.3 1 0
fitcommerce/internal/http/report_handler.go:145.2,146.16 2 3
fitcommerce/internal/http/report_handler.go:146.16,148.3 1 1
fitcommerce/internal/http/report_handler.go:151.2,152.16 2 2
fitcommerce/internal/http/report_handler.go:152.16,154.3 1 1
fitcommerce/internal/http/report_handler.go:156.2,156.80 1 1
fitcommerce/internal/http/report_handler.go:160.62,162.9 2 3
fitcommerce/internal/http/report_handler.go:162.9,164.3 1 0
fitcommerce/internal/http/report_handler.go:166.2,167.16 2 3
fitcommerce/internal/http/report_handler.go:167.16,169.3 1 1
fitcommerce/internal/http/report_handler.go:172.2,173.16 2 2
fitcommerce/internal/http/report_handler.go:173.16,175.3 1 0
fitcommerce/internal/http/report_handler.go:177.2,177.24 1 2
fitcommerce/internal/http/report_handler.go:177.24,179.3 1 0
fitcommerce/internal/http/report_handler.go:181.2,182.20 2 2
fitcommerce/internal/http/report_handler.go:182.20,184.3 1 0
fitcommerce/internal/http/report_handler.go:185.2,186.30 2 2
fitcommerce/internal/http/report_handler.go:186.30,188.3 1 2
fitcommerce/internal/http/report_handler.go:189.2,189.84 1 2
fitcommerce/internal/http/report_handler.go:189.84,191.3 1 0
fitcommerce/internal/http/report_handler.go:191.8,193.3 1 2
fitcommerce/internal/http/report_handler.go:194.2,196.29 2 2
fitcommerce/internal/http/report_handler.go:201.70,203.38 2 54
fitcommerce/internal/http/report_handler.go:203.38,205.3 1 132
fitcommerce/internal/http/report_handler.go:206.2,213.3 1 54
fitcommerce/internal/http/report_handler.go:216.63,226.26 2 3
fitcommerce/internal/http/report_handler.go:226.26,229.3 2 3
fitcommerce/internal/http/report_handler.go:230.2,230.13 1 3
fitcommerce/internal/http/retention_handler.go:19.78,21.2 1 60
fitcommerce/internal/http/retention_handler.go:24.72,26.16 2 1
fitcommerce/internal/http/retention_handler.go:26.16,28.3 1 0
fitcommerce/internal/http/retention_handler.go:30.2,31.26 2 1
fitcommerce/internal/http/retention_handler.go:31.26,33.3 1 3
fitcommerce/internal/http/retention_handler.go:34.2,34.63 1 1
fitcommerce/internal/http/retention_handler.go:38.69,42.16 3 1
fitcommerce/internal/http/retention_handler.go:42.16,44.3 1 0
fitcommerce/internal/http/retention_handler.go:46.2,46.92 1 1
fitcommerce/internal/http/retention_handler.go:50.72,54.37 3 3
fitcommerce/internal/http/retention_handler.go:54.37,56.3 1 1
fitcommerce/internal/http/retention_handler.go:57.2,57.41 1 2
fitcommerce/internal/http/retention_handler.go:57.41,59.3 1 1
fitcommerce/internal/http/retention_handler.go:61.2,66.69 2 1
fitcommerce/internal/http/retention_handler.go:66.69,68.3 1 0
fitcommerce/internal/http/retention_handler.go:70.2,70.93 1 1
fitcommerce/internal/http/retention_handler.go:75.87,82.2 1 5
fitcommerce/internal/http/router.go:37.3,60.2 20 60
fitcommerce/internal/http/router.go:62.94,67.2 4 60
fitcommerce/internal/http/router.go:69.94,73.2 3 60
fitcommerce/internal/http/router.go:75.84,87.2 10 60
fitcommerce/internal/http/router.go:89.94,101.2 6 60
fitcommerce/internal/http/router.go:103.97,110.2 5 60
fitcommerce/internal/http/router.go:112.92,125.2 11 60
fitcommerce/internal/http/router.go:127.86,144.2 14 60
fitcommerce/internal/http/router.go:146.92,154.2 7 60
fitcommerce/internal/http/router.go:156.100,167.2 10 60
fitcommerce/internal/http/router.go:169.92,176.2 6 60
fitcommerce/internal/http/router.go:178.97,183.2 4 60
fitcommerce/internal/http/router.go:185.88,190.2 4 60
fitcommerce/internal/http/router.go:192.88,198.2 5 60
fitcommerce/internal/http/router.go:200.195,235.2 23 60
fitcommerce/internal/http/router.go:237.92,246.2 6 60
fitcommerce/internal/http/router.go:248.86,257.2 6 60
fitcommerce/internal/http/router.go:259.88,268.2 6 60
fitcommerce/internal/http/supplier_handler.go:21.75,23.2 1 60
fitcommerce/internal/http/supplier_handler.go:26.64,28.37 2 5
fitcommerce/internal/http/supplier_handler.go:28.37,30.3 1 1
fitcommerce/internal/http/supplier_handler.go:31.2,31.41 1 4
fitcommerce/internal/http/supplier_handler.go:31.41,33.3 1 1
fitcommerce/internal/http/supplier_handler.go:35.2,45.16 3 3
fitcommerce/internal/http/supplier_handler.go:45.16,47.3 1 0
fitcommerce/internal/http/supplier_handler.go:49.2,49.91 1 3
fitcommerce/internal/http/supplier_handler.go:53.63,57.16 3 1
fitcommerce/internal/http/supplier_handler.go:57.16,59.3 1 0
fitcommerce/internal/http/supplier_handler.go:61.2,62.27 2 1
fitcommerce/internal/http/supplier_handler.go:62.27,64.3 1 1
fitcommerce/internal/http/supplier_handler.go:66.2,69.4 1 1
fitcommerce/internal/http/supplier_handler.go:73.61,75.16 2 2
fitcommerce/internal/http/supplier_handler.go:75.16,77.3 1 1
fitcommerce/internal/http/supplier_handler.go:79.2,80.16 2 1
fitcommerce/internal/http/supplier_handler.go:80.16,82.3 1 0
fitcommerce/internal/http/supplier_handler.go:84.2,84.87 1 1
fitcommerce/internal/http/supplier_handler.go:88.64,90.16 2 3
fitcommerce/internal/http/supplier_handler.go:90.16,92.3 1 1
fitcommerce/internal/http/supplier_handler.go:94.2,95.16 2 2
fitcommerce/internal/http/supplier_handler.go:95.16,97.3 1 0
fitcommerce/internal/http/supplier_handler.go:99.2,100.37 2 2
fitcommerce/internal/http/supplier_handler.go:100.37,102.3 1 1
fitcommerce/internal/http/supplier_handler.go:103.2,103.41 1 1
fitcommerce/internal/http/supplier_handler.go:103.41,105.3 1 0
fitcommerce/internal/http/supplier_handler.go:107.2,107.20 1 1
fitcommerce/internal/http/supplier_handler.go:107.20,109.3 1 1
fitcommerce/internal/http/supplier_handler.go:110.2,110.27 1 1
fitcommerce/internal/http/supplier_handler.go:110.27,112.3 1 0
fitcommerce/internal/http/supplier_handler.go:113.2,113.28 1 1
fitcommerce/internal/http/supplier_handler.go:113.28,115.3 1 0
fitcommerce/internal/http/supplier_handler.go:116.2,116.28 1 1
fitcommerce/internal/http/supplier_handler.go:116.28,118.3 1 0
fitcommerce/internal/http/supplier_handler.go:119.2,119.23 1 1
fitcommerce/internal/http/supplier_handler.go:119.23,121.3 1 0
fitcommerce/internal/http/supplier_handler.go:123.2,123.70 1 1
fitcommerce/internal/http/supplier_handler.go:123.70,125.3 1 0
fitcommerce/internal/http/supplier_handler.go:127.2,128.16 2 1
fitcommerce/internal/http/supplier_handler.go:128.16,130.3 1 0
fitcommerce/internal/http/supplier_handler.go:132.2,132.86 1 1
fitcommerce/internal/http/supplier_handler.go:137.66,149.2 1 6
fitcommerce/internal/http/user_handler.go:20.63,22.2 1 60
fitcommerce/internal/http/user_handler.go:25.56,27.37 2 5
fitcommerce/internal/http/user_handler.go:27.37,29.3 1 0
fitcommerce/internal/http/user_handler.go:30.2,30.41 1 5
fitcommerce/internal/http/user_handler.go:30.41,32.3 1 0
fitcommerce/internal/http/user_handler.go:34.2,35.27 2 5
fitcommerce/internal/http/user_handler.go:35.27,37.17 2 2
fitcommerce/internal/http/user_handler.go:37.17,39.4 1 1
fitcommerce/internal/http/user_handler.go:40.3,40.19 1 1
fitcommerce/internal/http/user_handler.go:43.2,44.16 2 4
fitcommerce/internal/http/user_handler.go:44.16,46.3 1 0
fitcommerce/internal/http/user_handler.go:48.2,48.84 1 4
fitcommerce/internal/http/user_handler.go:52.55,56.16 3 1
fitcommerce/internal/http/user_handler.go:56.16,58.3 1 0
fitcommerce/internal/http/user_handler.go:60.2,61.23 2 1
fitcommerce/internal/http/user_handler.go:61.23,63.3 1 2
fitcommerce/internal/http/user_handler.go:64.2,67.4 1 1
fitcommerce/internal/http/user_handler.go:71.53,73.16 2 4
fitcommerce/internal/http/user_handler.go:73.16,75.3 1 1
fitcommerce/internal/http/user_handler.go:77.2,78.16 2 3
fitcommerce/internal/http/user_handler.go:78.16,80.3 1 0
fitcommerce/internal/http/user_handler.go:82.2,82.79 1 3
fitcommerce/internal/http/user_handler.go:86.56,88.16 2 3
fitcommerce/internal/http/user_handler.go:88.16,90.3 1 1
fitcommerce/internal/http/user_handler.go:92.2,93.37 2 2
fitcommerce/internal/http/user_handler.go:93.37,95.3 1 0
fitcommerce/internal/http/user_handler.go:96.2,96.41 1 2
fitcommerce/internal/http/user_handler.go:96.41,98.3 1 0
fitcommerce/internal/http/user_handler.go:100.2,101.16 2 2
fitcommerce/internal/http/user_handler.go:101.16,103.3 1 0
fitcommerce/internal/http/user_handler.go:105.2,105.27 1 2
fitcommerce/internal/http/user_handler.go:105.27,107.3 1 1
fitcommerce/internal/http/user_handler.go:108.2,108.20 1 2
fitcommerce/internal/http/user_handler.go:108.20,110.3 1 1
fitcommerce/internal/http/user_handler.go:111.2,111.27 1 2
fitcommerce/internal/http/user_handler.go:111.27,113.17 2 1
fitcommerce/internal/http/user_handler.go:113.17,115.4 1 1
fitcommerce/internal/http/user_handler.go:116.3,116.29 1 0
fitcommerce/internal/http/user_handler.go:119.2,119.70 1 1
fitcommerce/internal/http/user_handler.go:119.70,121.3 1 0
fitcommerce/internal/http/user_handler.go:123.2,123.83 1 1
fitcommerce/internal/http/user_handler.go:127.60,129.16 2 2
fitcommerce/internal/http/user_handler.go:129.16,131.3 1 1
fitcommerce/internal/http/user_handler.go:133.2,133.68 1 1
fitcommerce/internal/http/user_handler.go:133.68,135.3 1 0
fitcommerce/internal/http/user_handler.go:137.2,137.107 1 1
fitcommerce/internal/http/user_handler.go:142.54,152.25 2 10
fitcommerce/internal/http/user_handler.go:152.25,155.3 2 2
fitcommerce/internal/http/user_handler.go:156.2,156.13 1 10
fitcommerce/internal/http/validator.go:15.44,17.2 1 60
fitcommerce/internal/http/validator.go:20.58,22.2 1 76
fitcommerce/internal/http/variance_handler.go:22.75,24.2 1 60
fitcommerce/internal/http/variance_handler.go:27.63,29.42 2 2
fitcommerce/internal/http/variance_handler.go:29.42,32.3 2 1
fitcommerce/internal/http/variance_handler.go:34.2,37.16 3 2
fitcommerce/internal/http/variance_handler.go:37.16,39.3 1 0
fitcommerce/internal/http/variance_handler.go:41.2,42.27 2 2
fitcommerce/internal/http/variance_handler.go:42.27,44.3 1 3
fitcommerce/internal/http/variance_handler.go:46.2,49.4 1 2
fitcommerce/internal/http/variance_handler.go:53.61,55.16 2 3
fitcommerce/internal/http/variance_handler.go:55.16,57.3 1 1
fitcommerce/internal/http/variance_handler.go:59.2,60.16 2 2
fitcommerce/internal/http/variance_handler.go:60.16,62.3 1 0
fitcommerce/internal/http/variance_handler.go:64.2,64.87 1 2
fitcommerce/internal/http/variance_handler.go:68.65,70.9 2 6
fitcommerce/internal/http/variance_handler.go:70.9,72.3 1 0
fitcommerce/internal/http/variance_handler.go:74.2,75.16 2 6
fitcommerce/internal/http/variance_handler.go:75.16,77.3 1 1
fitcommerce/internal/http/variance_handler.go:79.2,80.37 2 5
fitcommerce/internal/http/variance_handler.go:80.37,82.3 1 1
fitcommerce/internal/http/variance_handler.go:83.2,83.41 1 4
fitcommerce/internal/http/variance_handler.go:83.41,85.3 1 0
fitcommerce/internal/http/variance_handler.go:86.2,86.61 1 4
fitcommerce/internal/http/variance_handler.go:86.61,88.3 1 1
fitcommerce/internal/http/variance_handler.go:89.2,89.57 1 3
fitcommerce/internal/http/variance_handler.go:89.57,91.3 1 1
fitcommerce/internal/http/variance_handler.go:93.2,93.127 1 2
fitcommerce/internal/http/variance_handler.go:93.127,95.3 1 0
fitcommerce/internal/http/variance_handler.go:97.2,97.99 1 2
fitcommerce/internal/http/variance_handler.go:102.72,104.25 2 5
fitcommerce/internal/http/variance_handler.go:104.25,107.3 2 1
fitcommerce/internal/http/variance_handler.go:109.2,125.3 1 5
