mode: atomic
fitcommerce/internal/application/audit_service.go:24.68,26.2 1 56
fitcommerce/internal/application/audit_service.go:38.9,40.16 2 174
fitcommerce/internal/application/audit_service.go:40.16,42.3 1 0
fitcommerce/internal/application/audit_service.go:44.2,53.51 2 174
fitcommerce/internal/application/audit_service.go:53.51,55.3 1 0
fitcommerce/internal/application/audit_service.go:56.2,57.12 2 174
fitcommerce/internal/application/audit_service.go:67.37,69.2 1 1
fitcommerce/internal/application/audit_service.go:78.37,80.2 1 2
fitcommerce/internal/application/auth_service.go:34.20,42.2 1 56
fitcommerce/internal/application/auth_service.go:55.117,57.16 2 96
fitcommerce/internal/application/auth_service.go:57.16,61.3 2 0
fitcommerce/internal/application/auth_service.go:64.2,64.46 1 96
fitcommerce/internal/application/auth_service.go:64.46,67.3 2 0
fitcommerce/internal/application/auth_service.go:69.2,71.29 2 96
fitcommerce/internal/application/auth_service.go:71.29,72.36 1 3
fitcommerce/internal/application/auth_service.go:72.36,80.4 3 1
fitcommerce/internal/application/auth_service.go:82.3,83.17 2 2
fitcommerce/internal/application/auth_service.go:83.17,85.4 1 0
fitcommerce/internal/application/auth_service.go:86.3,87.17 2 2
fitcommerce/internal/application/auth_service.go:87.17,89.4 1 0
fitcommerce/internal/application/auth_service.go:90.3,100.59 2 2
fitcommerce/internal/application/auth_service.go:100.59,102.4 1 0
fitcommerce/internal/application/auth_service.go:103.3,107.4 2 2
fitcommerce/internal/application/auth_service.go:111.2,112.16 2 93
fitcommerce/internal/application/auth_service.go:112.16,114.3 1 0
fitcommerce/internal/application/auth_service.go:116.2,116.12 1 93
fitcommerce/internal/application/auth_service.go:116.12,120.41 4 16
fitcommerce/internal/application/auth_service.go:120.41,123.52 3 3
fitcommerce/internal/application/auth_service.go:123.52,125.5 1 0
fitcommerce/internal/application/auth_service.go:126.4,128.31 2 3
fitcommerce/internal/application/auth_service.go:128.31,130.5 1 3
fitcommerce/internal/application/auth_service.go:131.9,132.52 1 13
fitcommerce/internal/application/auth_service.go:132.52,134.5 1 0
fitcommerce/internal/application/auth_service.go:135.4,136.88 1 13
fitcommerce/internal/application/auth_service.go:138.3,140.42 3 16
fitcommerce/internal/application/auth_service.go:144.2,145.50 2 77
fitcommerce/internal/application/auth_service.go:145.50,147.3 1 0
fitcommerce/internal/application/auth_service.go:149.2,150.16 2 77
fitcommerce/internal/application/auth_service.go:150.16,152.3 1 0
fitcommerce/internal/application/auth_service.go:154.2,165.56 4 77
fitcommerce/internal/application/auth_service.go:165.56,167.3 1 0
fitcommerce/internal/application/auth_service.go:169.2,173.27 3 77
fitcommerce/internal/application/auth_service.go:177.75,179.16 2 1
fitcommerce/internal/application/auth_service.go:179.16,182.3 1 0
fitcommerce/internal/application/auth_service.go:184.2,184.56 1 1
fitcommerce/internal/application/auth_service.go:184.56,186.3 1 0
fitcommerce/internal/application/auth_service.go:188.2,191.12 2 1
fitcommerce/internal/application/auth_service.go:197.117,199.16 2 207
fitcommerce/internal/application/auth_service.go:199.16,201.3 1 1
fitcommerce/internal/application/auth_service.go:203.2,205.39 2 206
fitcommerce/internal/application/auth_service.go:205.39,211.3 4 1
fitcommerce/internal/application/auth_service.go:213.2,213.35 1 205
fitcommerce/internal/application/auth_service.go:213.35,219.3 4 1
fitcommerce/internal/application/auth_service.go:222.2,224.86 3 204
fitcommerce/internal/application/auth_service.go:224.86,226.3 1 0
fitcommerce/internal/application/auth_service.go:228.2,229.16 2 204
fitcommerce/internal/application/auth_service.go:229.16,231.3 1 0
fitcommerce/internal/application/auth_service.go:233.2,233.24 1 204
fitcommerce/internal/application/auth_service.go:239.106,241.16 2 3
fitcommerce/internal/application/auth_service.go:241.16,243.3 1 1
fitcommerce/internal/application/auth_service.go:245.2,246.36 2 2
fitcommerce/internal/application/auth_service.go:246.36,248.3 1 0
fitcommerce/internal/application/auth_service.go:249.2,249.24 1 2
fitcommerce/internal/application/auth_service.go:249.24,251.3 1 0
fitcommerce/internal/application/auth_service.go:253.2,253.87 1 2
fitcommerce/internal/application/auth_service.go:253.87,257.3 2 1
fitcommerce/internal/application/auth_service.go:259.2,259.66 1 1
fitcommerce/internal/application/auth_service.go:259.66,261.3 1 0
fitcommerce/internal/application/auth_service.go:264.2,265.16 2 1
fitcommerce/internal/application/auth_service.go:265.16,268.3 2 1
fitcommerce/internal/application/auth_service.go:270.2,273.12 2 1
fitcommerce/internal/application/backup_service.go:39.22,46.2 1 56
fitcommerce/internal/application/backup_service.go:51.109,58.54 2 1
fitcommerce/internal/application/backup_service.go:58.54,60.3 1 0
fitcommerce/internal/application/backup_service.go:62.2,67.60 2 1
fitcommerce/internal/application/backup_service.go:67.60,71.3 3 0
fitcommerce/internal/application/backup_service.go:73.2,73.65 1 1
fitcommerce/internal/application/backup_service.go:73.65,77.3 3 0
fitcommerce/internal/application/backup_service.go:81.2,81.40 1 1
fitcommerce/internal/application/backup_service.go:81.40,85.3 3 0
fitcommerce/internal/application/backup_service.go:86.2,87.16 2 1
fitcommerce/internal/application/backup_service.go:87.16,91.3 3 0
fitcommerce/internal/application/backup_service.go:92.2,92.51 1 1
fitcommerce/internal/application/backup_service.go:92.51,96.3 3 0
fitcommerce/internal/application/backup_service.go:97.2,100.48 2 1
fitcommerce/internal/application/backup_service.go:100.48,102.3 1 1
fitcommerce/internal/application/backup_service.go:103.2,104.16 2 1
fitcommerce/internal/application/backup_service.go:104.16,108.3 3 0
fitcommerce/internal/application/backup_service.go:109.2,117.54 7 1
fitcommerce/internal/application/backup_service.go:117.54,119.3 1 0
fitcommerce/internal/application/backup_service.go:121.2,122.24 2 1
fitcommerce/internal/application/backup_service.go:122.24,124.3 1 1
fitcommerce/internal/application/backup_service.go:126.2,130.17 1 1
fitcommerce/internal/application/backup_service.go:130.17,132.3 1 0
fitcommerce/internal/application/backup_service.go:134.2,134.17 1 1
fitcommerce/internal/application/backup_service.go:141.107,143.16 2 1
fitcommerce/internal/application/backup_service.go:143.16,145.3 1 0
fitcommerce/internal/application/backup_service.go:146.2,146.70 1 1
fitcommerce/internal/application/backup_service.go:146.70,148.3 1 0
fitcommerce/internal/application/backup_service.go:149.2,150.16 2 1
fitcommerce/internal/application/backup_service.go:150.16,152.3 1 0
fitcommerce/internal/application/backup_service.go:153.2,153.28 1 1
fitcommerce/internal/application/backup_service.go:153.28,155.3 1 0
fitcommerce/internal/application/backup_service.go:156.2,156.17 1 1
fitcommerce/internal/application/backup_service.go:160.99,162.2 1 0
fitcommerce/internal/application/backup_service.go:165.108,167.2 1 1
fitcommerce/internal/application/backup_service.go:170.49,172.16 2 2
fitcommerce/internal/application/backup_service.go:172.16,174.3 1 0
fitcommerce/internal/application/backup_service.go:175.2,178.41 3 2
fitcommerce/internal/application/backup_service.go:178.41,180.3 1 0
fitcommerce/internal/application/backup_service.go:181.2,181.44 1 2
fitcommerce/internal/application/backup_service.go:186.49,188.16 2 1
fitcommerce/internal/application/backup_service.go:188.16,190.3 1 0
fitcommerce/internal/application/backup_service.go:191.2,192.16 2 1
fitcommerce/internal/application/backup_service.go:192.16,194.3 1 0
fitcommerce/internal/application/backup_service.go:195.2,195.45 1 1
fitcommerce/internal/application/biometric_service.go:36.25,37.23 1 56
fitcommerce/internal/application/biometric_service.go:37.23,39.3 1 0
fitcommerce/internal/application/biometric_service.go:40.2,47.3 1 56
fitcommerce/internal/application/biometric_service.go:52.85,53.30 1 3
fitcommerce/internal/application/biometric_service.go:53.30,55.3 1 0
fitcommerce/internal/application/biometric_service.go:56.2,57.16 2 3
fitcommerce/internal/application/biometric_service.go:57.16,59.3 1 0
fitcommerce/internal/application/biometric_service.go:60.2,61.16 2 3
fitcommerce/internal/application/biometric_service.go:61.16,63.3 1 0
fitcommerce/internal/application/biometric_service.go:64.2,64.17 1 3
fitcommerce/internal/application/biometric_service.go:71.137,73.16 2 3
fitcommerce/internal/application/biometric_service.go:73.16,75.3 1 0
fitcommerce/internal/application/biometric_service.go:77.2,78.16 2 3
fitcommerce/internal/application/biometric_service.go:78.16,80.3 1 0
fitcommerce/internal/application/biometric_service.go:82.2,83.16 2 3
fitcommerce/internal/application/biometric_service.go:83.16,85.3 1 0
fitcommerce/internal/application/biometric_service.go:87.2,97.64 3 3
fitcommerce/internal/application/biometric_service.go:97.64,99.3 1 0
fitcommerce/internal/application/biometric_service.go:101.2,103.24 2 3
fitcommerce/internal/application/biometric_service.go:109.118,111.16 2 1
fitcommerce/internal/application/biometric_service.go:111.16,113.3 1 0
fitcommerce/internal/application/biometric_service.go:115.2,117.19 3 1
fitcommerce/internal/application/biometric_service.go:121.84,123.16 2 1
fitcommerce/internal/application/biometric_service.go:123.16,125.3 1 0
fitcommerce/internal/application/biometric_service.go:127.2,130.64 3 1
fitcommerce/internal/application/biometric_service.go:130.64,132.3 1 0
fitcommerce/internal/application/biometric_service.go:134.2,136.12 2 1
fitcommerce/internal/application/biometric_service.go:141.117,144.82 2 4
fitcommerce/internal/application/biometric_service.go:144.82,146.46 2 4
fitcommerce/internal/application/biometric_service.go:146.46,148.4 1 0
fitcommerce/internal/application/biometric_service.go:151.3,152.17 2 4
fitcommerce/internal/application/biometric_service.go:152.17,154.4 1 0
fitcommerce/internal/application/biometric_service.go:155.3,156.17 2 4
fitcommerce/internal/application/biometric_service.go:156.17,158.4 1 0
fitcommerce/internal/application/biometric_service.go:159.3,160.17 2 4
fitcommerce/internal/application/biometric_service.go:160.17,162.4 1 0
fitcommerce/internal/application/biometric_service.go:164.3,176.49 4 4
fitcommerce/internal/application/biometric_service.go:176.49,178.18 2 0
fitcommerce/internal/application/biometric_service.go:178.18,180.5 1 0
fitcommerce/internal/application/biometric_service.go:183.3,183.60 1 4
fitcommerce/internal/application/biometric_service.go:183.60,185.4 1 0
fitcommerce/internal/application/biometric_service.go:187.3,188.17 2 4
fitcommerce/internal/application/biometric_service.go:188.17,190.4 1 0
fitcommerce/internal/application/biometric_service.go:191.3,191.30 1 4
fitcommerce/internal/application/biometric_service.go:191.30,192.66 1 0
fitcommerce/internal/application/biometric_service.go:192.66,195.74 3 0
fitcommerce/internal/application/biometric_service.go:195.74,197.6 1 0
fitcommerce/internal/application/biometric_service.go:198.5,198.13 1 0
fitcommerce/internal/application/biometric_service.go:201.4,202.18 2 0
fitcommerce/internal/application/biometric_service.go:202.18,204.5 1 0
fitcommerce/internal/application/biometric_service.go:205.4,206.18 2 0
fitcommerce/internal/application/biometric_service.go:206.18,208.5 1 0
fitcommerce/internal/application/biometric_service.go:210.4,213.73 4 0
fitcommerce/internal/application/biometric_service.go:213.73,215.5 1 0
fitcommerce/internal/application/biometric_service.go:218.3,218.49 1 4
fitcommerce/internal/application/biometric_service.go:218.49,222.61 4 0
fitcommerce/internal/application/biometric_service.go:222.61,224.5 1 0
fitcommerce/internal/application/biometric_service.go:227.3,229.5 1 4
fitcommerce/internal/application/biometric_service.go:231.2,231.16 1 4
fitcommerce/internal/application/biometric_service.go:231.16,233.3 1 0
fitcommerce/internal/application/biometric_service.go:235.2,235.20 1 4
fitcommerce/internal/application/biometric_service.go:239.97,241.2 1 0
fitcommerce/internal/application/biometric_service.go:244.94,246.2 1 1
fitcommerce/internal/application/biometric_service.go:248.100,250.90 2 3
fitcommerce/internal/application/biometric_service.go:250.90,253.79 1 3
fitcommerce/internal/application/biometric_service.go:253.79,255.4 1 0
fitcommerce/internal/application/biometric_service.go:256.3,256.50 1 3
fitcommerce/internal/application/biometric_service.go:258.2,258.16 1 0
fitcommerce/internal/application/biometric_service.go:258.16,260.3 1 0
fitcommerce/internal/application/biometric_service.go:261.2,261.23 1 0
fitcommerce/internal/application/campaign_service.go:40.24,53.2 1 56
fitcommerce/internal/application/campaign_service.go:55.128,57.85 2 5
fitcommerce/internal/application/campaign_service.go:57.85,59.17 2 5
fitcommerce/internal/application/campaign_service.go:59.17,61.4 1 0
fitcommerce/internal/application/campaign_service.go:62.3,62.48 1 5
fitcommerce/internal/application/campaign_service.go:62.48,64.4 1 0
fitcommerce/internal/application/campaign_service.go:65.3,69.61 5 5
fitcommerce/internal/application/campaign_service.go:69.61,71.4 1 0
fitcommerce/internal/application/campaign_service.go:72.3,76.5 1 5
fitcommerce/internal/application/campaign_service.go:77.17,79.3 1 0
fitcommerce/internal/application/campaign_service.go:80.2,80.22 1 5
fitcommerce/internal/application/campaign_service.go:83.104,85.2 1 1
fitcommerce/internal/application/campaign_service.go:87.117,89.2 1 1
fitcommerce/internal/application/campaign_service.go:91.138,94.85 3 1
fitcommerce/internal/application/campaign_service.go:94.85,96.17 2 1
fitcommerce/internal/application/campaign_service.go:96.17,98.4 1 0
fitcommerce/internal/application/campaign_service.go:99.3,99.53 1 1
fitcommerce/internal/application/campaign_service.go:99.53,105.4 1 0
fitcommerce/internal/application/campaign_service.go:106.3,106.31 1 1
fitcommerce/internal/application/campaign_service.go:106.31,108.4 1 0
fitcommerce/internal/application/campaign_service.go:110.3,111.17 2 1
fitcommerce/internal/application/campaign_service.go:111.17,113.4 1 0
fitcommerce/internal/application/campaign_service.go:114.3,127.55 2 1
fitcommerce/internal/application/campaign_service.go:127.55,129.4 1 0
fitcommerce/internal/application/campaign_service.go:130.3,137.18 1 1
fitcommerce/internal/application/campaign_service.go:137.18,139.4 1 0
fitcommerce/internal/application/campaign_service.go:141.3,149.67 2 1
fitcommerce/internal/application/campaign_service.go:149.67,151.4 1 0
fitcommerce/internal/application/campaign_service.go:152.3,153.17 2 1
fitcommerce/internal/application/campaign_service.go:153.17,155.4 1 0
fitcommerce/internal/application/campaign_service.go:156.3,157.61 2 1
fitcommerce/internal/application/campaign_service.go:157.61,159.4 1 0
fitcommerce/internal/application/campaign_service.go:160.3,160.135 1 1
fitcommerce/internal/application/campaign_service.go:160.135,162.4 1 0
fitcommerce/internal/application/campaign_service.go:163.3,166.5 1 1
fitcommerce/internal/application/campaign_service.go:167.17,169.3 1 0
fitcommerce/internal/application/campaign_service.go:170.2,170.25 1 1
fitcommerce/internal/application/campaign_service.go:173.127,174.82 1 1
fitcommerce/internal/application/campaign_service.go:174.82,176.17 2 1
fitcommerce/internal/application/campaign_service.go:176.17,178.4 1 0
fitcommerce/internal/application/campaign_service.go:180.3,181.17 2 1
fitcommerce/internal/application/campaign_service.go:181.17,183.4 1 0
fitcommerce/internal/application/campaign_service.go:184.3,186.48 2 1
fitcommerce/internal/application/campaign_service.go:186.48,188.4 1 0
fitcommerce/internal/application/campaign_service.go:189.3,189.61 1 1
fitcommerce/internal/application/campaign_service.go:189.61,191.4 1 0
fitcommerce/internal/application/campaign_service.go:192.3,192.53 1 1
fitcommerce/internal/application/campaign_service.go:192.53,194.18 2 1
fitcommerce/internal/application/campaign_service.go:194.18,196.5 1 0
fitcommerce/internal/application/campaign_service.go:197.4,197.35 1 1
fitcommerce/internal/application/campaign_service.go:197.35,199.19 2 0
fitcommerce/internal/application/campaign_service.go:199.19,201.6 1 0
fitcommerce/internal/application/campaign_service.go:202.5,202.50 1 0
fitcommerce/internal/application/campaign_service.go:202.50,203.88 1 0
fitcommerce/internal/application/campaign_service.go:203.88,205.7 1 0
fitcommerce/internal/application/campaign_service.go:206.6,208.58 3 0
fitcommerce/internal/application/campaign_service.go:208.58,210.7 1 0
fitcommerce/internal/application/campaign_service.go:211.6,211.155 1 0
fitcommerce/internal/application/campaign_service.go:211.155,213.7 1 0
fitcommerce/internal/application/campaign_service.go:217.3,221.5 1 1
fitcommerce/internal/application/campaign_service.go:225.102,226.82 1 1
fitcommerce/internal/application/campaign_service.go:226.82,228.17 2 1
fitcommerce/internal/application/campaign_service.go:228.17,230.4 1 0
fitcommerce/internal/application/campaign_service.go:231.3,231.93 1 1
fitcommerce/internal/application/campaign_service.go:231.93,233.4 1 0
fitcommerce/internal/application/campaign_service.go:234.3,234.61 1 1
fitcommerce/internal/application/campaign_service.go:234.61,236.4 1 0
fitcommerce/internal/application/campaign_service.go:238.3,239.17 2 1
fitcommerce/internal/application/campaign_service.go:239.17,241.4 1 0
fitcommerce/internal/application/campaign_service.go:242.3,243.34 2 1
fitcommerce/internal/application/campaign_service.go:243.34,245.18 2 0
fitcommerce/internal/application/campaign_service.go:245.18,247.5 1 0
fitcommerce/internal/application/campaign_service.go:248.4,248.49 1 0
fitcommerce/internal/application/campaign_service.go:248.49,249.86 1 0
fitcommerce/internal/application/campaign_service.go:249.86,251.6 1 0
fitcommerce/internal/application/campaign_service.go:252.5,254.57 3 0
fitcommerce/internal/application/campaign_service.go:254.57,256.6 1 0
fitcommerce/internal/application/campaign_service.go:257.5,257.157 1 0
fitcommerce/internal/application/campaign_service.go:257.157,259.6 1 0
fitcommerce/internal/application/campaign_service.go:262.3,262.93 1 1
fitcommerce/internal/application/campaign_service.go:266.117,268.2 1 0
fitcommerce/internal/application/campaign_service.go:270.75,277.2 1 2
fitcommerce/internal/application/coach_service.go:21.68,23.2 1 56
fitcommerce/internal/application/coach_service.go:26.100,27.30 1 1
fitcommerce/internal/application/coach_service.go:27.30,29.3 1 0
fitcommerce/internal/application/coach_service.go:30.2,30.34 1 1
fitcommerce/internal/application/coach_service.go:30.34,32.3 1 0
fitcommerce/internal/application/coach_service.go:33.2,38.50 6 1
fitcommerce/internal/application/coach_service.go:38.50,40.3 1 0
fitcommerce/internal/application/coach_service.go:41.2,41.19 1 1
fitcommerce/internal/application/coach_service.go:45.94,47.2 1 0
fitcommerce/internal/application/coach_service.go:50.122,52.16 2 2
fitcommerce/internal/application/coach_service.go:52.16,54.3 1 0
fitcommerce/internal/application/coach_service.go:55.2,55.85 1 2
fitcommerce/internal/application/coach_service.go:55.85,57.3 1 0
fitcommerce/internal/application/coach_service.go:58.2,58.48 1 2
fitcommerce/internal/application/coach_service.go:58.48,60.3 1 2
fitcommerce/internal/application/coach_service.go:61.2,61.70 1 0
fitcommerce/internal/application/coach_service.go:61.70,63.3 1 0
fitcommerce/internal/application/coach_service.go:64.2,64.19 1 0
fitcommerce/internal/application/coach_service.go:68.126,70.2 1 0
fitcommerce/internal/application/coach_service.go:73.163,74.85 1 1
fitcommerce/internal/application/coach_service.go:74.85,76.3 1 0
fitcommerce/internal/application/coach_service.go:78.2,78.48 1 1
fitcommerce/internal/application/coach_service.go:78.48,80.3 1 1
fitcommerce/internal/application/coach_service.go:81.2,81.29 1 0
fitcommerce/internal/application/coach_service.go:81.29,83.3 1 0
fitcommerce/internal/application/coach_service.go:85.2,88.53 3 0
fitcommerce/internal/application/dashboard_service.go:18.68,20.2 1 56
fitcommerce/internal/application/dashboard_service.go:28.177,33.16 4 2
fitcommerce/internal/application/dashboard_service.go:33.16,35.3 1 0
fitcommerce/internal/application/dashboard_service.go:37.2,38.16 2 2
fitcommerce/internal/application/dashboard_service.go:38.16,40.3 1 0
fitcommerce/internal/application/dashboard_service.go:42.2,43.16 2 2
fitcommerce/internal/application/dashboard_service.go:43.16,45.3 1 0
fitcommerce/internal/application/dashboard_service.go:47.2,48.16 2 2
fitcommerce/internal/application/dashboard_service.go:48.16,50.3 1 0
fitcommerce/internal/application/dashboard_service.go:52.2,53.16 2 2
fitcommerce/internal/application/dashboard_service.go:53.16,55.3 1 0
fitcommerce/internal/application/dashboard_service.go:57.2,58.16 2 2
fitcommerce/internal/application/dashboard_service.go:58.16,60.3 1 0
fitcommerce/internal/application/dashboard_service.go:62.2,69.8 1 2
fitcommerce/internal/application/dashboard_service.go:74.129,75.28 1 2
fitcommerce/internal/application/dashboard_service.go:75.28,85.3 9 2
fitcommerce/internal/application/dashboard_service.go:86.2,86.16 1 0
fitcommerce/internal/application/dashboard_service.go:87.15,92.40 5 0
fitcommerce/internal/application/dashboard_service.go:93.16,95.19 2 0
fitcommerce/internal/application/dashboard_service.go:95.19,97.4 1 0
fitcommerce/internal/application/dashboard_service.go:98.3,103.57 6 0
fitcommerce/internal/application/dashboard_service.go:104.19,110.55 6 0
fitcommerce/internal/application/dashboard_service.go:111.16,116.40 5 0
fitcommerce/internal/application/dashboard_service.go:117.10,122.37 5 0
fitcommerce/internal/application/dashboard_service.go:124.2,124.8 1 0
fitcommerce/internal/application/dashboard_service.go:127.179,129.16 2 2
fitcommerce/internal/application/dashboard_service.go:129.16,131.3 1 0
fitcommerce/internal/application/dashboard_service.go:132.2,133.16 2 2
fitcommerce/internal/application/dashboard_service.go:133.16,135.3 1 0
fitcommerce/internal/application/dashboard_service.go:136.2,136.58 1 2
fitcommerce/internal/application/dashboard_service.go:139.172,141.16 2 2
fitcommerce/internal/application/dashboard_service.go:141.16,143.3 1 0
fitcommerce/internal/application/dashboard_service.go:144.2,145.16 2 2
fitcommerce/internal/application/dashboard_service.go:145.16,147.3 1 0
fitcommerce/internal/application/dashboard_service.go:148.2,148.58 1 2
fitcommerce/internal/application/dashboard_service.go:151.178,153.16 2 2
fitcommerce/internal/application/dashboard_service.go:153.16,155.3 1 0
fitcommerce/internal/application/dashboard_service.go:156.2,157.16 2 2
fitcommerce/internal/application/dashboard_service.go:157.16,159.3 1 0
fitcommerce/internal/application/dashboard_service.go:160.2,161.16 2 2
fitcommerce/internal/application/dashboard_service.go:161.16,163.3 1 0
fitcommerce/internal/application/dashboard_service.go:165.2,166.16 2 2
fitcommerce/internal/application/dashboard_service.go:166.16,168.3 1 0
fitcommerce/internal/application/dashboard_service.go:169.2,170.16 2 2
fitcommerce/internal/application/dashboard_service.go:170.16,172.3 1 0
fitcommerce/internal/application/dashboard_service.go:173.2,174.17 2 2
fitcommerce/internal/application/dashboard_service.go:174.17,176.3 1 0
fitcommerce/internal/application/dashboard_service.go:177.2,177.48 1 2
fitcommerce/internal/application/dashboard_service.go:180.194,182.16 2 2
fitcommerce/internal/application/dashboard_service.go:182.16,184.3 1 0
fitcommerce/internal/application/dashboard_service.go:185.2,186.16 2 2
fitcommerce/internal/application/dashboard_service.go:186.16,188.3 1 0
fitcommerce/internal/application/dashboard_service.go:189.2,190.16 2 2
fitcommerce/internal/application/dashboard_service.go:190.16,192.3 1 0
fitcommerce/internal/application/dashboard_service.go:194.2,195.20 2 2
fitcommerce/internal/application/dashboard_service.go:195.20,198.3 2 2
fitcommerce/internal/application/dashboard_service.go:199.2,199.48 1 2
fitcommerce/internal/application/dashboard_service.go:202.180,204.16 2 2
fitcommerce/internal/application/dashboard_service.go:204.16,206.3 1 0
fitcommerce/internal/application/dashboard_service.go:207.2,208.16 2 2
fitcommerce/internal/application/dashboard_service.go:208.16,210.3 1 0
fitcommerce/internal/application/dashboard_service.go:211.2,211.48 1 2
fitcommerce/internal/application/dashboard_service.go:214.136,216.16 2 2
fitcommerce/internal/application/dashboard_service.go:216.16,218.3 1 0
fitcommerce/internal/application/dashboard_service.go:219.2,220.16 2 2
fitcommerce/internal/application/dashboard_service.go:220.16,222.3 1 0
fitcommerce/internal/application/dashboard_service.go:224.2,225.23 2 2
fitcommerce/internal/application/dashboard_service.go:225.23,227.3 1 2
fitcommerce/internal/application/dashboard_service.go:229.2,229.43 1 2
fitcommerce/internal/application/dashboard_service.go:234.134,238.23 4 6
fitcommerce/internal/application/dashboard_service.go:238.23,242.3 3 6
fitcommerce/internal/application/dashboard_service.go:243.2,243.20 1 6
fitcommerce/internal/application/dashboard_service.go:243.20,247.3 3 6
fitcommerce/internal/application/dashboard_service.go:248.2,248.18 1 6
fitcommerce/internal/application/dashboard_service.go:248.18,252.3 3 4
fitcommerce/internal/application/dashboard_service.go:253.2,253.16 1 6
fitcommerce/internal/application/dashboard_service.go:253.16,256.3 2 4
fitcommerce/internal/application/dashboard_service.go:257.2,258.70 2 6
fitcommerce/internal/application/dashboard_service.go:258.70,260.3 1 0
fitcommerce/internal/application/dashboard_service.go:261.2,261.19 1 6
fitcommerce/internal/application/dashboard_service.go:264.134,268.23 4 2
fitcommerce/internal/application/dashboard_service.go:268.23,272.3 3 2
fitcommerce/internal/application/dashboard_service.go:273.2,273.20 1 2
fitcommerce/internal/application/dashboard_service.go:273.20,276.3 2 2
fitcommerce/internal/application/dashboard_service.go:277.2,278.70 2 2
fitcommerce/internal/application/dashboard_service.go:278.70,280.3 1 0
fitcommerce/internal/application/dashboard_service.go:281.2,281.19 1 2
fitcommerce/internal/application/dashboard_service.go:284.141,288.23 4 4
fitcommerce/internal/application/dashboard_service.go:288.23,292.3 3 4
fitcommerce/internal/application/dashboard_service.go:293.2,293.20 1 4
fitcommerce/internal/application/dashboard_service.go:293.20,297.3 3 4
fitcommerce/internal/application/dashboard_service.go:298.2,298.18 1 4
fitcommerce/internal/application/dashboard_service.go:298.18,302.3 3 4
fitcommerce/internal/application/dashboard_service.go:303.2,303.16 1 4
fitcommerce/internal/application/dashboard_service.go:303.16,306.3 2 4
fitcommerce/internal/application/dashboard_service.go:307.2,308.70 2 4
fitcommerce/internal/application/dashboard_service.go:308.70,310.3 1 0
fitcommerce/internal/application/dashboard_service.go:311.2,311.19 1 4
fitcommerce/internal/application/dashboard_service.go:314.147,318.23 4 4
fitcommerce/internal/application/dashboard_service.go:318.23,322.3 3 4
fitcommerce/internal/application/dashboard_service.go:323.2,323.20 1 4
fitcommerce/internal/application/dashboard_service.go:323.20,327.3 3 4
fitcommerce/internal/application/dashboard_service.go:328.2,328.18 1 4
fitcommerce/internal/application/dashboard_service.go:328.18,332.3 3 4
fitcommerce/internal/application/dashboard_service.go:333.2,333.16 1 4
fitcommerce/internal/application/dashboard_service.go:333.16,336.3 2 4
fitcommerce/internal/application/dashboard_service.go:337.2,338.70 2 4
fitcommerce/internal/application/dashboard_service.go:338.70,340.3 1 0
fitcommerce/internal/application/dashboard_service.go:341.2,341.19 1 4
fitcommerce/internal/application/dashboard_service.go:344.141,348.23 4 4
fitcommerce/internal/application/dashboard_service.go:348.23,352.3 3 4
fitcommerce/internal/application/dashboard_service.go:353.2,353.20 1 4
fitcommerce/internal/application/dashboard_service.go:353.20,357.3 3 4
fitcommerce/internal/application/dashboard_service.go:358.2,358.18 1 4
fitcommerce/internal/application/dashboard_service.go:358.18,362.3 3 4
fitcommerce/internal/application/dashboard_service.go:363.2,363.16 1 4
fitcommerce/internal/application/dashboard_service.go:363.16,366.3 2 4
fitcommerce/internal/application/dashboard_service.go:367.2,368.70 2 4
fitcommerce/internal/application/dashboard_service.go:368.70,370.3 1 0
fitcommerce/internal/application/dashboard_service.go:371.2,371.19 1 4
fitcommerce/internal/application/dashboard_service.go:374.149,379.20 4 4
fitcommerce/internal/application/dashboard_service.go:379.20,383.3 3 0
fitcommerce/internal/application/dashboard_service.go:384.2,384.23 1 4
fitcommerce/internal/application/dashboard_service.go:384.23,388.3 3 4
fitcommerce/internal/application/dashboard_service.go:389.2,389.20 1 4
fitcommerce/internal/application/dashboard_service.go:389.20,393.3 3 4
fitcommerce/internal/application/dashboard_service.go:395.2,396.70 2 4
fitcommerce/internal/application/dashboard_service.go:396.70,398.3 1 0
fitcommerce/internal/application/dashboard_service.go:399.2,399.19 1 4
fitcommerce/internal/application/dashboard_service.go:406.151,417.23 4 4
fitcommerce/internal/application/dashboard_service.go:417.23,421.3 3 4
fitcommerce/internal/application/dashboard_service.go:422.2,422.20 1 4
fitcommerce/internal/application/dashboard_service.go:422.20,426.3 3 4
fitcommerce/internal/application/dashboard_service.go:427.2,427.18 1 4
fitcommerce/internal/application/dashboard_service.go:427.18,431.3 3 4
fitcommerce/internal/application/dashboard_service.go:432.2,432.16 1 4
fitcommerce/internal/application/dashboard_service.go:432.16,435.3 2 4
fitcommerce/internal/application/dashboard_service.go:436.2,437.69 2 4
fitcommerce/internal/application/dashboard_service.go:437.69,439.3 1 0
fitcommerce/internal/application/dashboard_service.go:440.2,440.18 1 4
fitcommerce/internal/application/dashboard_service.go:443.128,447.23 4 2
fitcommerce/internal/application/dashboard_service.go:447.23,451.3 3 2
fitcommerce/internal/application/dashboard_service.go:452.2,452.20 1 2
fitcommerce/internal/application/dashboard_service.go:452.20,455.3 2 2
fitcommerce/internal/application/dashboard_service.go:456.2,457.70 2 2
fitcommerce/internal/application/dashboard_service.go:457.70,459.3 1 0
fitcommerce/internal/application/dashboard_service.go:460.2,460.19 1 2
fitcommerce/internal/application/dashboard_service.go:463.63,465.19 2 12
fitcommerce/internal/application/dashboard_service.go:465.19,467.3 1 2
fitcommerce/internal/application/dashboard_service.go:468.2,473.3 1 12
fitcommerce/internal/application/dashboard_service.go:476.24,477.11 1 0
fitcommerce/internal/application/dashboard_service.go:477.11,479.3 1 0
fitcommerce/internal/application/dashboard_service.go:480.2,480.10 1 0
fitcommerce/internal/application/inventory_service.go:30.25,32.2 1 56
fitcommerce/internal/application/inventory_service.go:34.144,36.2 1 1
fitcommerce/internal/application/inventory_service.go:38.147,39.31 1 1
fitcommerce/internal/application/inventory_service.go:39.31,41.3 1 1
fitcommerce/internal/application/inventory_service.go:42.2,42.35 1 1
fitcommerce/internal/application/inventory_service.go:42.35,44.3 1 1
fitcommerce/internal/application/inventory_service.go:46.2,46.85 1 1
fitcommerce/internal/application/inventory_service.go:46.85,48.17 2 1
fitcommerce/internal/application/inventory_service.go:48.17,50.4 1 0
fitcommerce/internal/application/inventory_service.go:52.3,53.17 2 1
fitcommerce/internal/application/inventory_service.go:53.17,55.4 1 0
fitcommerce/internal/application/inventory_service.go:57.3,60.53 4 1
fitcommerce/internal/application/inventory_service.go:60.53,62.4 1 0
fitcommerce/internal/application/inventory_service.go:64.3,64.67 1 1
fitcommerce/internal/application/inventory_service.go:64.67,66.4 1 0
fitcommerce/internal/application/inventory_service.go:68.3,74.5 1 1
fitcommerce/internal/application/inventory_service.go:75.17,77.3 1 0
fitcommerce/internal/application/inventory_service.go:79.2,83.24 2 1
fitcommerce/internal/application/inventory_service.go:86.151,88.2 1 1
fitcommerce/internal/application/inventory_service.go:90.128,95.48 5 1
fitcommerce/internal/application/inventory_service.go:95.48,97.3 1 0
fitcommerce/internal/application/inventory_service.go:98.2,98.17 1 1
fitcommerce/internal/application/inventory_service.go:101.113,103.2 1 1
fitcommerce/internal/application/inventory_service.go:105.150,107.2 1 1
fitcommerce/internal/application/item_service.go:35.20,44.2 1 56
fitcommerce/internal/application/item_service.go:46.173,48.44 2 3
fitcommerce/internal/application/item_service.go:48.44,50.3 1 0
fitcommerce/internal/application/item_service.go:51.2,51.66 1 3
fitcommerce/internal/application/item_service.go:51.66,53.3 1 0
fitcommerce/internal/application/item_service.go:54.2,54.59 1 3
fitcommerce/internal/application/item_service.go:54.59,56.3 1 0
fitcommerce/internal/application/item_service.go:58.2,65.85 7 3
fitcommerce/internal/application/item_service.go:65.85,66.53 1 3
fitcommerce/internal/application/item_service.go:66.53,68.4 1 0
fitcommerce/internal/application/item_service.go:70.3,70.31 1 3
fitcommerce/internal/application/item_service.go:70.31,73.66 3 3
fitcommerce/internal/application/item_service.go:73.66,75.5 1 0
fitcommerce/internal/application/item_service.go:77.3,77.28 1 3
fitcommerce/internal/application/item_service.go:77.28,80.66 3 1
fitcommerce/internal/application/item_service.go:80.66,82.5 1 0
fitcommerce/internal/application/item_service.go:85.3,88.5 1 3
fitcommerce/internal/application/item_service.go:89.17,91.3 1 0
fitcommerce/internal/application/item_service.go:92.2,92.18 1 3
fitcommerce/internal/application/item_service.go:95.88,97.2 1 2
fitcommerce/internal/application/item_service.go:99.93,101.16 2 2
fitcommerce/internal/application/item_service.go:101.16,103.3 1 0
fitcommerce/internal/application/item_service.go:105.2,106.16 2 2
fitcommerce/internal/application/item_service.go:106.16,108.3 1 0
fitcommerce/internal/application/item_service.go:110.2,111.16 2 2
fitcommerce/internal/application/item_service.go:111.16,113.3 1 0
fitcommerce/internal/application/item_service.go:115.2,119.8 1 2
fitcommerce/internal/application/item_service.go:122.128,124.2 1 1
fitcommerce/internal/application/item_service.go:126.173,128.16 2 2
fitcommerce/internal/application/item_service.go:128.16,130.3 1 0
fitcommerce/internal/application/item_service.go:131.2,131.38 1 2
fitcommerce/internal/application/item_service.go:131.38,133.3 1 1
fitcommerce/internal/application/item_service.go:135.2,136.44 2 1
fitcommerce/internal/application/item_service.go:136.44,138.3 1 0
fitcommerce/internal/application/item_service.go:139.2,139.25 1 1
fitcommerce/internal/application/item_service.go:139.25,140.67 1 0
fitcommerce/internal/application/item_service.go:140.67,142.4 1 0
fitcommerce/internal/application/item_service.go:144.2,144.22 1 1
fitcommerce/internal/application/item_service.go:144.22,145.60 1 0
fitcommerce/internal/application/item_service.go:145.60,147.4 1 0
fitcommerce/internal/application/item_service.go:150.2,156.85 6 1
fitcommerce/internal/application/item_service.go:156.85,157.53 1 1
fitcommerce/internal/application/item_service.go:157.53,159.4 1 0
fitcommerce/internal/application/item_service.go:162.3,162.26 1 1
fitcommerce/internal/application/item_service.go:162.26,163.65 1 0
fitcommerce/internal/application/item_service.go:163.65,165.5 1 0
fitcommerce/internal/application/item_service.go:166.4,166.32 1 0
fitcommerce/internal/application/item_service.go:166.32,169.67 3 0
fitcommerce/internal/application/item_service.go:169.67,171.6 1 0
fitcommerce/internal/application/item_service.go:175.3,175.23 1 1
fitcommerce/internal/application/item_service.go:175.23,176.68 1 0
fitcommerce/internal/application/item_service.go:176.68,178.5 1 0
fitcommerce/internal/application/item_service.go:179.4,179.29 1 0
fitcommerce/internal/application/item_service.go:179.29,182.67 3 0
fitcommerce/internal/application/item_service.go:182.67,184.6 1 0
fitcommerce/internal/application/item_service.go:188.3,190.5 1 1
fitcommerce/internal/application/item_service.go:191.17,193.3 1 0
fitcommerce/internal/application/item_service.go:194.2,194.18 1 1
fitcommerce/internal/application/item_service.go:197.76,199.16 2 2
fitcommerce/internal/application/item_service.go:199.16,201.3 1 0
fitcommerce/internal/application/item_service.go:202.2,203.16 2 2
fitcommerce/internal/application/item_service.go:203.16,205.3 1 0
fitcommerce/internal/application/item_service.go:206.2,207.16 2 2
fitcommerce/internal/application/item_service.go:207.16,209.3 1 0
fitcommerce/internal/application/item_service.go:211.2,211.100 1 2
fitcommerce/internal/application/item_service.go:211.100,213.3 1 1
fitcommerce/internal/application/item_service.go:214.2,214.47 1 1
fitcommerce/internal/application/item_service.go:214.47,216.3 1 0
fitcommerce/internal/application/item_service.go:218.2,222.50 4 1
fitcommerce/internal/application/item_service.go:222.50,224.3 1 0
fitcommerce/internal/application/item_service.go:225.2,226.12 2 1
fitcommerce/internal/application/item_service.go:229.78,231.16 2 1
fitcommerce/internal/application/item_service.go:231.16,233.3 1 0
fitcommerce/internal/application/item_service.go:234.2,234.47 1 1
fitcommerce/internal/application/item_service.go:234.47,236.3 1 0
fitcommerce/internal/application/item_service.go:238.2,242.50 4 1
fitcommerce/internal/application/item_service.go:242.50,244.3 1 0
fitcommerce/internal/application/item_service.go:245.2,246.12 2 1
fitcommerce/internal/application/item_service.go:249.159,257.54 3 2
fitcommerce/internal/application/item_service.go:257.54,259.3 1 0
fitcommerce/internal/application/item_service.go:261.2,265.29 4 2
fitcommerce/internal/application/item_service.go:265.29,273.86 2 4
fitcommerce/internal/application/item_service.go:273.86,275.18 2 4
fitcommerce/internal/application/item_service.go:275.18,277.5 1 0
fitcommerce/internal/application/item_service.go:279.4,280.18 2 4
fitcommerce/internal/application/item_service.go:280.18,282.5 1 0
fitcommerce/internal/application/item_service.go:283.4,284.18 2 4
fitcommerce/internal/application/item_service.go:284.18,286.5 1 0
fitcommerce/internal/application/item_service.go:288.4,289.22 2 4
fitcommerce/internal/application/item_service.go:290.32,293.74 3 2
fitcommerce/internal/application/item_service.go:294.12,296.29 2 2
fitcommerce/internal/application/item_service.go:296.29,298.6 1 0
fitcommerce/internal/application/item_service.go:299.5,300.78 2 2
fitcommerce/internal/application/item_service.go:300.78,302.6 1 1
fitcommerce/internal/application/item_service.go:305.4,305.91 1 3
fitcommerce/internal/application/item_service.go:305.91,307.5 1 1
fitcommerce/internal/application/item_service.go:309.4,311.54 3 2
fitcommerce/internal/application/item_service.go:311.54,313.5 1 0
fitcommerce/internal/application/item_service.go:315.4,315.44 1 2
fitcommerce/internal/application/item_service.go:315.44,316.66 1 1
fitcommerce/internal/application/item_service.go:316.66,318.6 1 0
fitcommerce/internal/application/item_service.go:319.5,319.37 1 1
fitcommerce/internal/application/item_service.go:319.37,322.72 3 1
fitcommerce/internal/application/item_service.go:322.72,324.7 1 0
fitcommerce/internal/application/item_service.go:328.4,329.14 2 2
fitcommerce/internal/application/item_service.go:331.3,331.20 1 4
fitcommerce/internal/application/item_service.go:331.20,337.12 6 2
fitcommerce/internal/application/item_service.go:340.3,342.17 3 2
fitcommerce/internal/application/item_service.go:345.2,352.26 4 2
fitcommerce/internal/application/item_service.go:356.64,357.15 1 2
fitcommerce/internal/application/item_service.go:358.14,359.19 1 0
fitcommerce/internal/application/item_service.go:360.21,361.26 1 0
fitcommerce/internal/application/item_service.go:362.18,363.23 1 0
fitcommerce/internal/application/item_service.go:364.15,365.20 1 0
fitcommerce/internal/application/item_service.go:366.19,367.32 1 0
fitcommerce/internal/application/item_service.go:368.23,369.35 1 0
fitcommerce/internal/application/item_service.go:370.16,371.29 1 0
fitcommerce/internal/application/item_service.go:372.20,373.58 1 1
fitcommerce/internal/application/item_service.go:374.28,375.66 1 0
fitcommerce/internal/application/item_service.go:376.18,377.37 1 1
fitcommerce/internal/application/item_service.go:378.10,379.12 1 0
fitcommerce/internal/application/item_service.go:385.69,386.15 1 2
fitcommerce/internal/application/item_service.go:387.14,388.20 1 0
fitcommerce/internal/application/item_service.go:389.21,390.27 1 0
fitcommerce/internal/application/item_service.go:391.18,392.24 1 0
fitcommerce/internal/application/item_service.go:393.15,394.21 1 0
fitcommerce/internal/application/item_service.go:395.19,397.27 2 0
fitcommerce/internal/application/item_service.go:397.27,399.4 1 0
fitcommerce/internal/application/item_service.go:400.3,400.29 1 0
fitcommerce/internal/application/item_service.go:401.23,403.30 2 0
fitcommerce/internal/application/item_service.go:403.30,405.4 1 0
fitcommerce/internal/application/item_service.go:406.3,406.35 1 0
fitcommerce/internal/application/item_service.go:407.16,409.24 2 0
fitcommerce/internal/application/item_service.go:409.24,411.4 1 0
fitcommerce/internal/application/item_service.go:412.3,412.23 1 0
fitcommerce/internal/application/item_service.go:413.20,415.30 2 1
fitcommerce/internal/application/item_service.go:415.30,417.4 1 0
fitcommerce/internal/application/item_service.go:418.3,418.25 1 1
fitcommerce/internal/application/item_service.go:419.28,421.32 2 0
fitcommerce/internal/application/item_service.go:421.32,423.4 1 0
fitcommerce/internal/application/item_service.go:424.3,424.35 1 0
fitcommerce/internal/application/item_service.go:425.18,427.28 2 1
fitcommerce/internal/application/item_service.go:427.28,429.4 1 1
fitcommerce/internal/application/item_service.go:430.3,430.22 1 0
fitcommerce/internal/application/item_service.go:431.10,432.71 1 0
fitcommerce/internal/application/item_service.go:434.2,434.12 1 1
fitcommerce/internal/application/item_service.go:437.131,438.66 1 3
fitcommerce/internal/application/item_service.go:438.66,440.3 1 1
fitcommerce/internal/application/item_service.go:441.2,441.59 1 2
fitcommerce/internal/application/item_service.go:441.59,443.3 1 0
fitcommerce/internal/application/item_service.go:445.2,445.44 1 2
fitcommerce/internal/application/item_service.go:445.44,447.3 1 0
fitcommerce/internal/application/item_service.go:449.2,449.47 1 2
fitcommerce/internal/application/item_service.go:449.47,450.95 1 0
fitcommerce/internal/application/item_service.go:450.95,452.4 1 0
fitcommerce/internal/application/item_service.go:455.2,455.12 1 2
fitcommerce/internal/application/item_service.go:458.77,459.33 1 6
fitcommerce/internal/application/item_service.go:459.33,460.46 1 6
fitcommerce/internal/application/item_service.go:460.46,462.4 1 1
fitcommerce/internal/application/item_service.go:464.2,464.12 1 5
fitcommerce/internal/application/item_service.go:467.69,468.33 1 5
fitcommerce/internal/application/item_service.go:468.33,469.46 1 1
fitcommerce/internal/application/item_service.go:469.46,471.4 1 0
fitcommerce/internal/application/item_service.go:473.2,473.12 1 5
fitcommerce/internal/application/item_service.go:476.79,477.23 1 4
fitcommerce/internal/application/item_service.go:477.23,479.3 1 0
fitcommerce/internal/application/item_service.go:481.2,482.33 2 4
fitcommerce/internal/application/item_service.go:482.33,484.3 1 4
fitcommerce/internal/application/item_service.go:485.2,485.45 1 4
fitcommerce/internal/application/item_service.go:488.96,489.23 1 6
fitcommerce/internal/application/item_service.go:489.23,491.3 1 0
fitcommerce/internal/application/item_service.go:492.2,494.15 3 6
fitcommerce/internal/application/item_service.go:497.47,499.36 2 2
fitcommerce/internal/application/item_service.go:499.36,501.3 1 2
fitcommerce/internal/application/item_service.go:503.2,504.33 2 0
fitcommerce/internal/application/item_service.go:504.33,506.3 1 0
fitcommerce/internal/application/item_service.go:508.2,509.34 2 0
fitcommerce/internal/application/item_service.go:509.34,510.32 1 0
fitcommerce/internal/application/item_service.go:510.32,512.4 1 0
fitcommerce/internal/application/item_service.go:515.2,515.40 1 0
fitcommerce/internal/application/item_service.go:515.40,517.3 1 0
fitcommerce/internal/application/item_service.go:519.2,519.20 1 0
fitcommerce/internal/application/landed_cost_service.go:19.83,21.2 1 56
fitcommerce/internal/application/landed_cost_service.go:24.132,26.16 2 1
fitcommerce/internal/application/landed_cost_service.go:26.16,28.3 1 0
fitcommerce/internal/application/landed_cost_service.go:29.2,29.21 1 1
fitcommerce/internal/application/landed_cost_service.go:33.114,35.16 2 1
fitcommerce/internal/application/landed_cost_service.go:35.16,37.3 1 0
fitcommerce/internal/application/landed_cost_service.go:38.2,38.21 1 1
fitcommerce/internal/application/location_service.go:20.77,22.2 1 56
fitcommerce/internal/application/location_service.go:25.107,26.20 1 1
fitcommerce/internal/application/location_service.go:26.20,28.3 1 0
fitcommerce/internal/application/location_service.go:29.2,34.48 6 1
fitcommerce/internal/application/location_service.go:34.48,36.3 1 0
fitcommerce/internal/application/location_service.go:37.2,37.17 1 1
fitcommerce/internal/application/location_service.go:41.100,43.2 1 1
fitcommerce/internal/application/location_service.go:46.109,48.2 1 1
fitcommerce/internal/application/member_service.go:21.71,23.2 1 56
fitcommerce/internal/application/member_service.go:26.104,27.31 1 1
fitcommerce/internal/application/member_service.go:27.31,29.3 1 0
fitcommerce/internal/application/member_service.go:30.2,30.35 1 1
fitcommerce/internal/application/member_service.go:30.35,32.3 1 0
fitcommerce/internal/application/member_service.go:33.2,39.51 7 1
fitcommerce/internal/application/member_service.go:39.51,41.3 1 0
fitcommerce/internal/application/member_service.go:42.2,42.20 1 1
fitcommerce/internal/application/member_service.go:46.96,48.2 1 0
fitcommerce/internal/application/member_service.go:51.124,53.16 2 3
fitcommerce/internal/application/member_service.go:53.16,55.3 1 0
fitcommerce/internal/application/member_service.go:56.2,56.85 1 3
fitcommerce/internal/application/member_service.go:56.85,58.3 1 0
fitcommerce/internal/application/member_service.go:59.2,59.48 1 3
fitcommerce/internal/application/member_service.go:59.48,61.3 1 2
fitcommerce/internal/application/member_service.go:62.2,62.71 1 1
fitcommerce/internal/application/member_service.go:62.71,64.3 1 1
fitcommerce/internal/application/member_service.go:65.2,65.20 1 0
fitcommerce/internal/application/member_service.go:69.128,71.2 1 0
fitcommerce/internal/application/member_service.go:74.165,75.85 1 1
fitcommerce/internal/application/member_service.go:75.85,77.3 1 0
fitcommerce/internal/application/member_service.go:79.2,79.48 1 1
fitcommerce/internal/application/member_service.go:79.48,81.3 1 0
fitcommerce/internal/application/member_service.go:82.2,82.29 1 1
fitcommerce/internal/application/member_service.go:82.29,84.3 1 0
fitcommerce/internal/application/member_service.go:86.2,89.53 3 1
fitcommerce/internal/application/order_service.go:39.21,51.2 1 56
fitcommerce/internal/application/order_service.go:53.100,55.85 2 17
fitcommerce/internal/application/order_service.go:55.85,57.17 2 17
fitcommerce/internal/application/order_service.go:57.17,59.4 1 0
fitcommerce/internal/application/order_service.go:61.3,69.55 8 17
fitcommerce/internal/application/order_service.go:69.55,71.4 1 0
fitcommerce/internal/application/order_service.go:72.3,72.140 1 17
fitcommerce/internal/application/order_service.go:72.140,74.4 1 0
fitcommerce/internal/application/order_service.go:75.3,82.18 1 17
fitcommerce/internal/application/order_service.go:82.18,84.4 1 0
fitcommerce/internal/application/order_service.go:85.3,88.5 1 17
fitcommerce/internal/application/order_service.go:89.17,91.3 1 0
fitcommerce/internal/application/order_service.go:92.2,92.19 1 17
fitcommerce/internal/application/order_service.go:95.90,97.2 1 0
fitcommerce/internal/application/order_service.go:99.118,101.16 2 3
fitcommerce/internal/application/order_service.go:101.16,103.3 1 0
fitcommerce/internal/application/order_service.go:104.2,104.62 1 3
fitcommerce/internal/application/order_service.go:104.62,106.3 1 1
fitcommerce/internal/application/order_service.go:107.2,107.19 1 2
fitcommerce/internal/application/order_service.go:110.122,112.2 1 0
fitcommerce/internal/application/order_service.go:114.131,115.18 1 2
fitcommerce/internal/application/order_service.go:115.18,117.3 1 0
fitcommerce/internal/application/order_service.go:118.2,118.69 1 2
fitcommerce/internal/application/order_service.go:118.69,120.3 1 1
fitcommerce/internal/application/order_service.go:121.2,121.54 1 1
fitcommerce/internal/application/order_service.go:124.117,125.58 1 0
fitcommerce/internal/application/order_service.go:125.58,127.3 1 0
fitcommerce/internal/application/order_service.go:128.2,128.48 1 0
fitcommerce/internal/application/order_service.go:131.145,132.62 1 1
fitcommerce/internal/application/order_service.go:132.62,134.3 1 0
fitcommerce/internal/application/order_service.go:135.2,135.48 1 1
fitcommerce/internal/application/order_service.go:138.121,140.82 2 1
fitcommerce/internal/application/order_service.go:140.82,142.17 2 1
fitcommerce/internal/application/order_service.go:142.17,144.4 1 0
fitcommerce/internal/application/order_service.go:145.3,145.79 1 1
fitcommerce/internal/application/order_service.go:145.79,147.4 1 0
fitcommerce/internal/application/order_service.go:148.3,151.55 4 1
fitcommerce/internal/application/order_service.go:151.55,153.4 1 0
fitcommerce/internal/application/order_service.go:154.3,161.18 1 1
fitcommerce/internal/application/order_service.go:161.18,163.4 1 0
fitcommerce/internal/application/order_service.go:164.3,166.5 1 1
fitcommerce/internal/application/order_service.go:170.99,172.82 2 1
fitcommerce/internal/application/order_service.go:172.82,174.17 2 1
fitcommerce/internal/application/order_service.go:174.17,176.4 1 0
fitcommerce/internal/application/order_service.go:177.3,177.84 1 1
fitcommerce/internal/application/order_service.go:177.84,179.4 1 0
fitcommerce/internal/application/order_service.go:180.3,182.55 3 1
fitcommerce/internal/application/order_service.go:182.55,184.4 1 0
fitcommerce/internal/application/order_service.go:185.3,185.136 1 1
fitcommerce/internal/application/order_service.go:185.136,187.4 1 0
fitcommerce/internal/application/order_service.go:188.3,195.18 1 1
fitcommerce/internal/application/order_service.go:195.18,197.4 1 0
fitcommerce/internal/application/order_service.go:198.3,198.84 1 1
fitcommerce/internal/application/order_service.go:202.104,203.18 1 2
fitcommerce/internal/application/order_service.go:203.18,205.3 1 0
fitcommerce/internal/application/order_service.go:207.2,208.16 2 2
fitcommerce/internal/application/order_service.go:208.16,210.3 1 0
fitcommerce/internal/application/order_service.go:211.2,211.65 1 2
fitcommerce/internal/application/order_service.go:211.65,213.3 1 1
fitcommerce/internal/application/order_service.go:214.2,214.36 1 1
fitcommerce/internal/application/order_service.go:217.99,219.82 2 1
fitcommerce/internal/application/order_service.go:219.82,221.17 2 1
fitcommerce/internal/application/order_service.go:221.17,223.4 1 0
fitcommerce/internal/application/order_service.go:224.3,224.83 1 1
fitcommerce/internal/application/order_service.go:224.83,226.4 1 0
fitcommerce/internal/application/order_service.go:227.3,229.55 3 1
fitcommerce/internal/application/order_service.go:229.55,231.4 1 0
fitcommerce/internal/application/order_service.go:232.3,232.135 1 1
fitcommerce/internal/application/order_service.go:232.135,234.4 1 0
fitcommerce/internal/application/order_service.go:235.3,242.18 1 1
fitcommerce/internal/application/order_service.go:242.18,244.4 1 0
fitcommerce/internal/application/order_service.go:245.3,245.83 1 1
fitcommerce/internal/application/order_service.go:249.113,251.82 2 1
fitcommerce/internal/application/order_service.go:251.82,253.17 2 1
fitcommerce/internal/application/order_service.go:253.17,255.4 1 0
fitcommerce/internal/application/order_service.go:256.3,258.55 3 1
fitcommerce/internal/application/order_service.go:258.55,260.4 1 0
fitcommerce/internal/application/order_service.go:261.3,268.18 1 1
fitcommerce/internal/application/order_service.go:268.18,270.4 1 0
fitcommerce/internal/application/order_service.go:271.3,275.5 1 1
fitcommerce/internal/application/order_service.go:279.147,281.2 1 0
fitcommerce/internal/application/order_service.go:283.179,284.25 1 4
fitcommerce/internal/application/order_service.go:284.25,286.3 1 0
fitcommerce/internal/application/order_service.go:288.2,290.82 2 4
fitcommerce/internal/application/order_service.go:290.82,292.17 2 4
fitcommerce/internal/application/order_service.go:292.17,294.4 1 0
fitcommerce/internal/application/order_service.go:296.3,297.32 2 4
fitcommerce/internal/application/order_service.go:297.32,299.4 1 8
fitcommerce/internal/application/order_service.go:300.3,300.30 1 4
fitcommerce/internal/application/order_service.go:300.30,302.4 1 1
fitcommerce/internal/application/order_service.go:303.3,303.32 1 3
fitcommerce/internal/application/order_service.go:303.32,305.4 1 0
fitcommerce/internal/application/order_service.go:307.3,309.26 3 3
fitcommerce/internal/application/order_service.go:309.26,311.4 1 0
fitcommerce/internal/application/order_service.go:312.3,314.34 3 3
fitcommerce/internal/application/order_service.go:314.34,328.57 2 6
fitcommerce/internal/application/order_service.go:328.57,330.5 1 0
fitcommerce/internal/application/order_service.go:331.4,338.19 1 6
fitcommerce/internal/application/order_service.go:338.19,340.5 1 0
fitcommerce/internal/application/order_service.go:341.4,342.50 2 6
fitcommerce/internal/application/order_service.go:345.3,348.55 4 3
fitcommerce/internal/application/order_service.go:348.55,350.4 1 0
fitcommerce/internal/application/order_service.go:351.3,358.18 1 3
fitcommerce/internal/application/order_service.go:358.18,360.4 1 0
fitcommerce/internal/application/order_service.go:361.3,361.25 1 3
fitcommerce/internal/application/order_service.go:361.25,370.70 2 2
fitcommerce/internal/application/order_service.go:370.70,372.5 1 1
fitcommerce/internal/application/order_service.go:373.4,373.35 1 1
fitcommerce/internal/application/order_service.go:373.35,379.20 1 2
fitcommerce/internal/application/order_service.go:379.20,381.6 1 0
fitcommerce/internal/application/order_service.go:385.3,387.5 1 2
fitcommerce/internal/application/order_service.go:389.2,389.16 1 4
fitcommerce/internal/application/order_service.go:389.16,391.3 1 2
fitcommerce/internal/application/order_service.go:392.2,392.22 1 2
fitcommerce/internal/application/order_service.go:395.131,397.2 1 0
fitcommerce/internal/application/order_service.go:399.163,400.23 1 1
fitcommerce/internal/application/order_service.go:400.23,402.3 1 0
fitcommerce/internal/application/order_service.go:404.2,405.82 2 1
fitcommerce/internal/application/order_service.go:405.82,407.31 2 1
fitcommerce/internal/application/order_service.go:407.31,409.18 2 2
fitcommerce/internal/application/order_service.go:409.18,411.5 1 0
fitcommerce/internal/application/order_service.go:412.4,412.30 1 2
fitcommerce/internal/application/order_service.go:414.3,414.32 1 1
fitcommerce/internal/application/order_service.go:414.32,415.36 1 1
fitcommerce/internal/application/order_service.go:415.36,417.5 1 0
fitcommerce/internal/application/order_service.go:418.4,418.36 1 1
fitcommerce/internal/application/order_service.go:418.36,420.5 1 0
fitcommerce/internal/application/order_service.go:422.3,422.28 1 1
fitcommerce/internal/application/order_service.go:422.28,423.29 1 2
fitcommerce/internal/application/order_service.go:423.29,425.5 1 0
fitcommerce/internal/application/order_service.go:428.3,429.28 2 1
fitcommerce/internal/application/order_service.go:429.28,431.4 1 2
fitcommerce/internal/application/order_service.go:433.3,434.34 2 1
fitcommerce/internal/application/order_service.go:434.34,436.33 2 0
fitcommerce/internal/application/order_service.go:436.33,437.70 1 0
fitcommerce/internal/application/order_service.go:437.70,439.11 2 0
fitcommerce/internal/application/order_service.go:442.4,442.12 1 0
fitcommerce/internal/application/order_service.go:442.12,444.5 1 0
fitcommerce/internal/application/order_service.go:447.3,449.26 3 1
fitcommerce/internal/application/order_service.go:449.26,451.4 1 0
fitcommerce/internal/application/order_service.go:452.3,465.56 2 1
fitcommerce/internal/application/order_service.go:465.56,467.4 1 0
fitcommerce/internal/application/order_service.go:469.3,470.28 2 1
fitcommerce/internal/application/order_service.go:470.28,474.52 4 2
fitcommerce/internal/application/order_service.go:474.52,476.5 1 0
fitcommerce/internal/application/order_service.go:477.4,484.19 1 2
fitcommerce/internal/application/order_service.go:484.19,486.5 1 0
fitcommerce/internal/application/order_service.go:487.4,487.48 1 2
fitcommerce/internal/application/order_service.go:490.3,497.18 1 1
fitcommerce/internal/application/order_service.go:497.18,499.4 1 0
fitcommerce/internal/application/order_service.go:500.3,500.25 1 1
fitcommerce/internal/application/order_service.go:500.25,509.70 2 0
fitcommerce/internal/application/order_service.go:509.70,511.5 1 0
fitcommerce/internal/application/order_service.go:512.4,517.19 1 0
fitcommerce/internal/application/order_service.go:517.19,519.5 1 0
fitcommerce/internal/application/order_service.go:522.3,524.5 1 1
fitcommerce/internal/application/order_service.go:526.2,526.16 1 1
fitcommerce/internal/application/order_service.go:526.16,528.3 1 0
fitcommerce/internal/application/order_service.go:529.2,529.20 1 1
fitcommerce/internal/application/order_service.go:532.175,533.86 1 4
fitcommerce/internal/application/order_service.go:533.86,535.3 1 0
fitcommerce/internal/application/order_service.go:536.2,536.74 1 4
fitcommerce/internal/application/order_service.go:539.159,540.86 1 1
fitcommerce/internal/application/order_service.go:540.86,542.3 1 0
fitcommerce/internal/application/order_service.go:543.2,543.63 1 1
fitcommerce/internal/application/order_service.go:546.94,548.16 2 0
fitcommerce/internal/application/order_service.go:548.16,550.3 1 0
fitcommerce/internal/application/order_service.go:552.2,553.25 2 0
fitcommerce/internal/application/order_service.go:553.25,555.85 2 0
fitcommerce/internal/application/order_service.go:555.85,557.4 1 0
fitcommerce/internal/application/order_service.go:558.3,558.86 1 0
fitcommerce/internal/application/order_service.go:558.86,561.56 3 0
fitcommerce/internal/application/order_service.go:561.56,563.5 1 0
fitcommerce/internal/application/order_service.go:564.4,564.137 1 0
fitcommerce/internal/application/order_service.go:564.137,566.5 1 0
fitcommerce/internal/application/order_service.go:567.4,574.19 1 0
fitcommerce/internal/application/order_service.go:574.19,576.5 1 0
fitcommerce/internal/application/order_service.go:577.4,577.84 1 0
fitcommerce/internal/application/order_service.go:578.18,580.4 1 0
fitcommerce/internal/application/order_service.go:581.3,581.10 1 0
fitcommerce/internal/application/order_service.go:583.2,583.19 1 0
fitcommerce/internal/application/order_service.go:586.72,593.2 1 36
fitcommerce/internal/application/order_service.go:595.77,596.18 1 5
fitcommerce/internal/application/order_service.go:596.18,598.3 1 0
fitcommerce/internal/application/order_service.go:599.2,599.69 1 5
fitcommerce/internal/application/order_service.go:599.69,601.3 1 1
fitcommerce/internal/application/order_service.go:602.2,602.30 1 4
fitcommerce/internal/application/order_service.go:602.30,604.3 1 2
fitcommerce/internal/application/order_service.go:605.2,605.12 1 2
fitcommerce/internal/application/order_service.go:608.80,609.62 1 2
fitcommerce/internal/application/order_service.go:609.62,611.3 1 1
fitcommerce/internal/application/order_service.go:612.2,612.69 1 1
fitcommerce/internal/application/order_service.go:612.69,614.3 1 0
fitcommerce/internal/application/order_service.go:615.2,615.47 1 1
fitcommerce/internal/application/order_service.go:615.47,617.3 1 0
fitcommerce/internal/application/order_service.go:618.2,618.12 1 1
fitcommerce/internal/application/order_service.go:622.25,623.12 1 4
fitcommerce/internal/application/order_service.go:623.12,625.3 1 0
fitcommerce/internal/application/order_service.go:626.2,627.11 2 4
fitcommerce/internal/application/order_service.go:627.11,630.3 2 0
fitcommerce/internal/application/order_service.go:631.2,632.12 2 4
fitcommerce/internal/application/order_service.go:632.12,635.3 2 4
fitcommerce/internal/application/order_service.go:636.2,636.9 1 4
fitcommerce/internal/application/order_service.go:636.9,638.3 1 0
fitcommerce/internal/application/order_service.go:639.2,639.20 1 4
fitcommerce/internal/application/procurement_service.go:41.29,52.2 1 56
fitcommerce/internal/application/procurement_service.go:55.155,56.23 1 4
fitcommerce/internal/application/procurement_service.go:56.23,57.69 1 4
fitcommerce/internal/application/procurement_service.go:57.69,58.42 1 0
fitcommerce/internal/application/procurement_service.go:58.42,60.5 1 0
fitcommerce/internal/application/procurement_service.go:61.4,61.74 1 0
fitcommerce/internal/application/procurement_service.go:65.2,72.29 7 4
fitcommerce/internal/application/procurement_service.go:72.29,74.3 1 4
fitcommerce/internal/application/procurement_service.go:75.2,77.85 2 4
fitcommerce/internal/application/procurement_service.go:77.85,78.52 1 4
fitcommerce/internal/application/procurement_service.go:78.52,80.4 1 0
fitcommerce/internal/application/procurement_service.go:81.3,81.24 1 4
fitcommerce/internal/application/procurement_service.go:81.24,84.62 3 4
fitcommerce/internal/application/procurement_service.go:84.62,86.5 1 0
fitcommerce/internal/application/procurement_service.go:88.3,92.5 1 4
fitcommerce/internal/application/procurement_service.go:93.17,95.3 1 0
fitcommerce/internal/application/procurement_service.go:96.2,96.16 1 4
fitcommerce/internal/application/procurement_service.go:100.134,102.16 2 5
fitcommerce/internal/application/procurement_service.go:102.16,103.41 1 0
fitcommerce/internal/application/procurement_service.go:103.41,105.4 1 0
fitcommerce/internal/application/procurement_service.go:106.3,106.69 1 0
fitcommerce/internal/application/procurement_service.go:109.2,110.16 2 5
fitcommerce/internal/application/procurement_service.go:110.16,112.3 1 0
fitcommerce/internal/application/procurement_service.go:114.2,114.23 1 5
fitcommerce/internal/application/procurement_service.go:118.119,120.2 1 1
fitcommerce/internal/application/procurement_service.go:123.107,125.82 2 4
fitcommerce/internal/application/procurement_service.go:125.82,127.17 2 4
fitcommerce/internal/application/procurement_service.go:127.17,128.42 1 0
fitcommerce/internal/application/procurement_service.go:128.42,130.5 1 0
fitcommerce/internal/application/procurement_service.go:131.4,131.65 1 0
fitcommerce/internal/application/procurement_service.go:133.3,133.74 1 4
fitcommerce/internal/application/procurement_service.go:133.74,135.4 1 0
fitcommerce/internal/application/procurement_service.go:136.3,138.52 3 4
fitcommerce/internal/application/procurement_service.go:138.52,140.4 1 0
fitcommerce/internal/application/procurement_service.go:141.3,143.5 1 4
fitcommerce/internal/application/procurement_service.go:149.139,151.82 2 3
fitcommerce/internal/application/procurement_service.go:151.82,153.17 2 3
fitcommerce/internal/application/procurement_service.go:153.17,154.42 1 0
fitcommerce/internal/application/procurement_service.go:154.42,156.5 1 0
fitcommerce/internal/application/procurement_service.go:157.4,157.68 1 0
fitcommerce/internal/application/procurement_service.go:159.3,160.17 2 3
fitcommerce/internal/application/procurement_service.go:160.17,162.4 1 0
fitcommerce/internal/application/procurement_service.go:163.3,163.74 1 3
fitcommerce/internal/application/procurement_service.go:163.74,165.4 1 0
fitcommerce/internal/application/procurement_service.go:166.3,167.52 2 3
fitcommerce/internal/application/procurement_service.go:167.52,169.4 1 0
fitcommerce/internal/application/procurement_service.go:171.3,172.32 2 3
fitcommerce/internal/application/procurement_service.go:172.32,174.4 1 3
fitcommerce/internal/application/procurement_service.go:175.3,179.46 4 3
fitcommerce/internal/application/procurement_service.go:179.46,181.11 2 3
fitcommerce/internal/application/procurement_service.go:181.11,183.5 1 0
fitcommerce/internal/application/procurement_service.go:184.4,186.57 3 3
fitcommerce/internal/application/procurement_service.go:186.57,188.5 1 0
fitcommerce/internal/application/procurement_service.go:190.4,190.61 1 3
fitcommerce/internal/application/procurement_service.go:190.61,192.61 2 3
fitcommerce/internal/application/procurement_service.go:192.61,194.6 1 3
fitcommerce/internal/application/procurement_service.go:194.11,196.6 1 0
fitcommerce/internal/application/procurement_service.go:197.5,212.20 4 3
fitcommerce/internal/application/procurement_service.go:212.20,214.6 1 0
fitcommerce/internal/application/procurement_service.go:217.4,217.79 1 3
fitcommerce/internal/application/procurement_service.go:217.79,233.20 4 1
fitcommerce/internal/application/procurement_service.go:233.20,235.6 1 0
fitcommerce/internal/application/procurement_service.go:238.4,238.142 1 3
fitcommerce/internal/application/procurement_service.go:238.142,240.5 1 0
fitcommerce/internal/application/procurement_service.go:241.4,253.19 2 3
fitcommerce/internal/application/procurement_service.go:253.19,255.5 1 0
fitcommerce/internal/application/procurement_service.go:258.3,261.18 1 3
fitcommerce/internal/application/procurement_service.go:261.18,264.4 2 0
fitcommerce/internal/application/procurement_service.go:265.3,265.13 1 3
fitcommerce/internal/application/procurement_service.go:270.107,271.82 1 1
fitcommerce/internal/application/procurement_service.go:271.82,273.17 2 1
fitcommerce/internal/application/procurement_service.go:273.17,274.42 1 0
fitcommerce/internal/application/procurement_service.go:274.42,276.5 1 0
fitcommerce/internal/application/procurement_service.go:277.4,277.64 1 0
fitcommerce/internal/application/procurement_service.go:279.3,279.74 1 1
fitcommerce/internal/application/procurement_service.go:279.74,281.4 1 0
fitcommerce/internal/application/procurement_service.go:282.3,283.17 2 1
fitcommerce/internal/application/procurement_service.go:283.17,285.4 1 0
fitcommerce/internal/application/procurement_service.go:286.3,287.30 2 1
fitcommerce/internal/application/procurement_service.go:287.30,288.66 1 1
fitcommerce/internal/application/procurement_service.go:288.66,289.140 1 1
fitcommerce/internal/application/procurement_service.go:289.140,291.6 1 0
fitcommerce/internal/application/procurement_service.go:294.3,294.52 1 1
fitcommerce/internal/application/procurement_service.go:294.52,296.4 1 0
fitcommerce/internal/application/procurement_service.go:297.3,297.102 1 1
fitcommerce/internal/application/procurement_service.go:297.102,300.4 2 0
fitcommerce/internal/application/procurement_service.go:301.3,301.13 1 1
fitcommerce/internal/application/procurement_service.go:306.105,307.82 1 1
fitcommerce/internal/application/procurement_service.go:307.82,309.17 2 1
fitcommerce/internal/application/procurement_service.go:309.17,310.42 1 0
fitcommerce/internal/application/procurement_service.go:310.42,312.5 1 0
fitcommerce/internal/application/procurement_service.go:313.4,313.62 1 0
fitcommerce/internal/application/procurement_service.go:315.3,315.72 1 1
fitcommerce/internal/application/procurement_service.go:315.72,317.4 1 0
fitcommerce/internal/application/procurement_service.go:318.3,318.52 1 1
fitcommerce/internal/application/procurement_service.go:318.52,320.4 1 0
fitcommerce/internal/application/procurement_service.go:321.3,321.100 1 1
fitcommerce/internal/application/procurement_service.go:321.100,324.4 2 0
fitcommerce/internal/application/procurement_service.go:325.3,325.13 1 1
fitcommerce/internal/application/procurement_service.go:329.80,334.2 1 4
fitcommerce/internal/application/report_service.go:35.155,37.2 1 0
fitcommerce/internal/application/report_service.go:46.22,54.2 1 56
fitcommerce/internal/application/report_service.go:57.116,59.16 2 6
fitcommerce/internal/application/report_service.go:59.16,61.3 1 0
fitcommerce/internal/application/report_service.go:63.2,64.28 2 6
fitcommerce/internal/application/report_service.go:64.28,65.42 1 54
fitcommerce/internal/application/report_service.go:65.42,66.27 1 54
fitcommerce/internal/application/report_service.go:66.27,68.10 2 54
fitcommerce/internal/application/report_service.go:73.2,73.22 1 6
fitcommerce/internal/application/report_service.go:77.108,79.2 1 4
fitcommerce/internal/application/report_service.go:83.154,85.16 2 2
fitcommerce/internal/application/report_service.go:85.16,87.3 1 0
fitcommerce/internal/application/report_service.go:89.2,90.40 2 2
fitcommerce/internal/application/report_service.go:90.40,91.22 1 6
fitcommerce/internal/application/report_service.go:91.22,93.9 2 2
fitcommerce/internal/application/report_service.go:96.2,96.14 1 2
fitcommerce/internal/application/report_service.go:96.14,98.3 1 0
fitcommerce/internal/application/report_service.go:100.2,101.16 2 2
fitcommerce/internal/application/report_service.go:101.16,103.3 1 0
fitcommerce/internal/application/report_service.go:105.2,109.8 1 2
fitcommerce/internal/application/report_service.go:113.146,114.26 1 4
fitcommerce/internal/application/report_service.go:114.26,116.3 1 0
fitcommerce/internal/application/report_service.go:117.2,117.20 1 4
fitcommerce/internal/application/report_service.go:117.20,119.3 1 0
fitcommerce/internal/application/report_service.go:120.2,120.20 1 4
fitcommerce/internal/application/report_service.go:121.23,126.38 2 0
fitcommerce/internal/application/report_service.go:127.15,132.38 2 0
fitcommerce/internal/application/report_service.go:133.22,138.38 2 0
fitcommerce/internal/application/report_service.go:139.20,145.38 2 2
fitcommerce/internal/application/report_service.go:146.25,152.38 2 1
fitcommerce/internal/application/report_service.go:153.28,161.38 2 0
fitcommerce/internal/application/report_service.go:162.27,167.38 2 1
fitcommerce/internal/application/report_service.go:168.29,173.38 2 0
fitcommerce/internal/application/report_service.go:174.28,181.38 2 0
fitcommerce/internal/application/report_service.go:182.10,183.41 1 0
fitcommerce/internal/application/report_service.go:191.135,196.24 5 4
fitcommerce/internal/application/report_service.go:196.24,197.15 1 4
fitcommerce/internal/application/report_service.go:197.15,199.4 1 0
fitcommerce/internal/application/report_service.go:200.3,201.19 2 4
fitcommerce/internal/application/report_service.go:204.2,204.41 1 4
fitcommerce/internal/application/report_service.go:204.41,205.27 1 11
fitcommerce/internal/application/report_service.go:205.27,206.12 1 3
fitcommerce/internal/application/report_service.go:208.3,208.49 1 8
fitcommerce/internal/application/report_service.go:208.49,212.4 3 4
fitcommerce/internal/application/report_service.go:215.2,216.19 2 4
fitcommerce/internal/application/report_service.go:216.19,217.46 1 3
fitcommerce/internal/application/report_service.go:217.46,221.4 3 0
fitcommerce/internal/application/report_service.go:222.3,222.44 1 3
fitcommerce/internal/application/report_service.go:222.44,226.4 3 0
fitcommerce/internal/application/report_service.go:229.2,230.16 2 4
fitcommerce/internal/application/report_service.go:234.129,236.16 2 4
fitcommerce/internal/application/report_service.go:236.16,238.3 1 0
fitcommerce/internal/application/report_service.go:239.2,243.18 4 4
fitcommerce/internal/application/report_service.go:243.18,245.17 2 1
fitcommerce/internal/application/report_service.go:245.17,247.4 1 0
fitcommerce/internal/application/report_service.go:248.3,249.32 2 1
fitcommerce/internal/application/report_service.go:249.32,251.4 1 6
fitcommerce/internal/application/report_service.go:252.3,252.31 1 1
fitcommerce/internal/application/report_service.go:254.2,254.35 1 4
fitcommerce/internal/application/report_service.go:254.35,256.3 1 0
fitcommerce/internal/application/report_service.go:257.2,257.19 1 4
fitcommerce/internal/application/report_service.go:257.19,259.3 1 3
fitcommerce/internal/application/report_service.go:260.2,260.20 1 4
fitcommerce/internal/application/report_service.go:266.219,267.23 1 2
fitcommerce/internal/application/report_service.go:267.23,269.3 1 0
fitcommerce/internal/application/report_service.go:271.2,272.16 2 2
fitcommerce/internal/application/report_service.go:272.16,274.3 1 0
fitcommerce/internal/application/report_service.go:276.2,277.40 2 2
fitcommerce/internal/application/report_service.go:277.40,278.22 1 4
fitcommerce/internal/application/report_service.go:278.22,280.9 2 2
fitcommerce/internal/application/report_service.go:283.2,283.14 1 2
fitcommerce/internal/application/report_service.go:283.14,285.3 1 0
fitcommerce/internal/application/report_service.go:287.2,299.54 3 2
fitcommerce/internal/application/report_service.go:299.54,301.3 1 0
fitcommerce/internal/application/report_service.go:303.2,305.60 2 2
fitcommerce/internal/application/report_service.go:305.60,309.3 3 0
fitcommerce/internal/application/report_service.go:311.2,312.20 2 2
fitcommerce/internal/application/report_service.go:312.20,316.3 3 0
fitcommerce/internal/application/report_service.go:318.2,322.16 4 2
fitcommerce/internal/application/report_service.go:323.30,324.38 1 2
fitcommerce/internal/application/report_service.go:325.30,326.57 1 0
fitcommerce/internal/application/report_service.go:329.2,329.21 1 2
fitcommerce/internal/application/report_service.go:329.21,333.3 3 0
fitcommerce/internal/application/report_service.go:335.2,340.54 5 2
fitcommerce/internal/application/report_service.go:340.54,342.3 1 0
fitcommerce/internal/application/report_service.go:344.2,350.17 2 2
fitcommerce/internal/application/report_service.go:353.92,354.23 1 2
fitcommerce/internal/application/report_service.go:354.23,356.3 1 0
fitcommerce/internal/application/report_service.go:357.2,370.23 3 2
fitcommerce/internal/application/report_service.go:370.23,372.3 1 0
fitcommerce/internal/application/report_service.go:374.2,375.34 2 2
fitcommerce/internal/application/report_service.go:375.34,376.34 1 2
fitcommerce/internal/application/report_service.go:376.34,378.4 1 2
fitcommerce/internal/application/report_service.go:380.2,380.18 1 2
fitcommerce/internal/application/report_service.go:385.149,387.16 2 2
fitcommerce/internal/application/report_service.go:387.16,389.3 1 0
fitcommerce/internal/application/report_service.go:390.2,392.26 3 2
fitcommerce/internal/application/report_service.go:392.26,394.3 1 1
fitcommerce/internal/application/report_service.go:395.2,395.17 1 1
fitcommerce/internal/application/report_service.go:400.154,402.16 2 2
fitcommerce/internal/application/report_service.go:402.16,404.3 1 0
fitcommerce/internal/application/report_service.go:405.2,407.26 3 2
fitcommerce/internal/application/report_service.go:407.26,409.3 1 0
fitcommerce/internal/application/report_service.go:410.2,410.48 1 2
fitcommerce/internal/application/report_service.go:410.48,412.3 1 0
fitcommerce/internal/application/report_service.go:413.2,413.24 1 2
fitcommerce/internal/application/report_service.go:413.24,415.3 1 0
fitcommerce/internal/application/report_service.go:416.2,416.49 1 2
fitcommerce/internal/application/report_service.go:416.49,417.25 1 0
fitcommerce/internal/application/report_service.go:417.25,419.4 1 0
fitcommerce/internal/application/report_service.go:420.3,420.64 1 0
fitcommerce/internal/application/report_service.go:422.2,422.17 1 2
fitcommerce/internal/application/report_service.go:428.84,429.23 1 2
fitcommerce/internal/application/report_service.go:429.23,434.3 1 1
fitcommerce/internal/application/report_service.go:435.2,436.28 2 1
fitcommerce/internal/application/report_service.go:436.28,438.3 1 6
fitcommerce/internal/application/report_service.go:439.2,443.30 4 1
fitcommerce/internal/application/report_service.go:443.30,445.29 2 1
fitcommerce/internal/application/report_service.go:445.29,446.29 1 6
fitcommerce/internal/application/report_service.go:446.29,448.5 1 6
fitcommerce/internal/application/report_service.go:450.3,450.29 1 1
fitcommerce/internal/application/report_service.go:452.2,452.14 1 1
fitcommerce/internal/application/report_service.go:458.105,459.86 1 2
fitcommerce/internal/application/report_service.go:459.86,461.3 1 1
fitcommerce/internal/application/report_service.go:462.2,463.30 2 1
fitcommerce/internal/application/report_service.go:463.30,465.25 2 0
fitcommerce/internal/application/report_service.go:465.25,466.13 1 0
fitcommerce/internal/application/report_service.go:467.48,468.32 1 0
fitcommerce/internal/application/report_service.go:468.32,470.6 1 0
fitcommerce/internal/application/report_service.go:470.11,472.6 1 0
fitcommerce/internal/application/report_service.go:473.34,474.24 1 0
fitcommerce/internal/application/report_service.go:475.12,476.13 1 0
fitcommerce/internal/application/report_service.go:479.3,479.16 1 0
fitcommerce/internal/application/report_service.go:481.2,481.15 1 1
fitcommerce/internal/application/report_service.go:485.43,487.14 2 0
fitcommerce/internal/application/report_service.go:487.14,489.3 1 0
fitcommerce/internal/application/report_service.go:490.2,490.47 1 0
fitcommerce/internal/application/report_service.go:494.54,496.16 2 2
fitcommerce/internal/application/report_service.go:496.16,498.3 1 0
fitcommerce/internal/application/report_service.go:499.2,502.44 3 2
fitcommerce/internal/application/report_service.go:502.44,504.3 1 0
fitcommerce/internal/application/report_service.go:505.2,506.18 2 2
fitcommerce/internal/application/report_service.go:510.68,517.30 7 0
fitcommerce/internal/application/report_service.go:517.30,518.28 1 0
fitcommerce/internal/application/report_service.go:518.28,520.4 1 0
fitcommerce/internal/application/report_service.go:521.3,521.12 1 0
fitcommerce/internal/application/report_service.go:523.2,523.37 1 0
fitcommerce/internal/application/retention_service.go:29.25,35.2 1 56
fitcommerce/internal/application/retention_service.go:38.121,40.2 1 1
fitcommerce/internal/application/retention_service.go:43.92,45.2 1 1
fitcommerce/internal/application/retention_service.go:49.98,51.40 2 1
fitcommerce/internal/application/retention_service.go:51.40,56.61 5 0
fitcommerce/internal/application/retention_service.go:56.61,58.4 1 0
fitcommerce/internal/application/retention_service.go:59.8,59.23 1 1
fitcommerce/internal/application/retention_service.go:59.23,61.3 1 0
fitcommerce/internal/application/retention_service.go:61.8,63.31 2 1
fitcommerce/internal/application/retention_service.go:63.31,65.4 1 0
fitcommerce/internal/application/retention_service.go:66.3,67.63 2 1
fitcommerce/internal/application/retention_service.go:67.63,69.4 1 0
fitcommerce/internal/application/retention_service.go:71.3,73.40 3 1
fitcommerce/internal/application/retention_service.go:76.2,79.17 1 1
fitcommerce/internal/application/retention_service.go:79.17,81.3 1 0
fitcommerce/internal/application/retention_service.go:83.2,83.12 1 1
fitcommerce/internal/application/retention_service.go:99.70,101.16 2 0
fitcommerce/internal/application/retention_service.go:101.16,103.3 1 0
fitcommerce/internal/application/retention_service.go:105.2,106.34 2 0
fitcommerce/internal/application/retention_service.go:106.34,108.10 2 0
[...]
fitcommerce/internal/store/postgres/order_store.go:44.77,60.2 4 25
fitcommerce/internal/store/postgres/order_store.go:62.88,70.16 4 15
fitcommerce/internal/store/postgres/order_store.go:70.16,71.27 1 0
fitcommerce/internal/store/postgres/order_store.go:71.27,73.4 1 0
fitcommerce/internal/store/postgres/order_store.go:74.3,74.18 1 0
fitcommerce/internal/store/postgres/order_store.go:76.2,76.19 1 15
fitcommerce/internal/store/postgres/order_store.go:79.116,90.19 6 2
fitcommerce/internal/store/postgres/order_store.go:90.19,96.3 5 1
fitcommerce/internal/store/postgres/order_store.go:98.2,99.71 2 2
fitcommerce/internal/store/postgres/order_store.go:99.71,101.3 1 0
fitcommerce/internal/store/postgres/order_store.go:103.2,107.16 4 2
fitcommerce/internal/store/postgres/order_store.go:107.16,109.3 1 0
fitcommerce/internal/store/postgres/order_store.go:110.2,113.18 3 2
fitcommerce/internal/store/postgres/order_store.go:113.18,115.17 2 3
fitcommerce/internal/store/postgres/order_store.go:115.17,117.4 1 0
fitcommerce/internal/store/postgres/order_store.go:118.3,118.30 1 3
fitcommerce/internal/store/postgres/order_store.go:120.2,120.34 1 2
fitcommerce/internal/store/postgres/order_store.go:123.77,136.2 4 9
fitcommerce/internal/store/postgres/order_store.go:140.100,150.16 4 0
fitcommerce/internal/store/postgres/order_store.go:150.16,152.3 1 0
fitcommerce/internal/store/postgres/order_store.go:153.2,156.18 3 0
fitcommerce/internal/store/postgres/order_store.go:156.18,158.17 2 0
fitcommerce/internal/store/postgres/order_store.go:158.17,160.4 1 0
fitcommerce/internal/store/postgres/order_store.go:161.3,161.30 1 0
fitcommerce/internal/store/postgres/order_store.go:163.2,163.27 1 0
fitcommerce/internal/store/postgres/order_store.go:168.93,178.2 4 34
fitcommerce/internal/store/postgres/order_store.go:180.116,186.16 4 1
fitcommerce/internal/store/postgres/order_store.go:186.16,188.3 1 0
fitcommerce/internal/store/postgres/order_store.go:189.2,192.18 3 1
fitcommerce/internal/store/postgres/order_store.go:192.18,194.111 2 4
fitcommerce/internal/store/postgres/order_store.go:194.111,196.4 1 0
fitcommerce/internal/store/postgres/order_store.go:197.3,197.31 1 4
fitcommerce/internal/store/postgres/order_store.go:199.2,199.28 1 1
fitcommerce/internal/store/postgres/order_store.go:208.59,218.16 4 18
fitcommerce/internal/store/postgres/order_store.go:218.16,220.3 1 0
fitcommerce/internal/store/postgres/order_store.go:221.2,222.16 2 18
fitcommerce/internal/store/postgres/po_store.go:26.68,28.2 1 56
fitcommerce/internal/store/postgres/po_store.go:31.90,51.16 4 4
fitcommerce/internal/store/postgres/po_store.go:51.16,53.3 1 0
fitcommerce/internal/store/postgres/po_store.go:54.2,54.12 1 4
fitcommerce/internal/store/postgres/po_store.go:58.104,69.16 5 14
fitcommerce/internal/store/postgres/po_store.go:69.16,70.36 1 0
fitcommerce/internal/store/postgres/po_store.go:70.36,72.4 1 0
fitcommerce/internal/store/postgres/po_store.go:73.3,73.54 1 0
fitcommerce/internal/store/postgres/po_store.go:75.2,75.16 1 14
fitcommerce/internal/store/postgres/po_store.go:79.113,84.62 4 1
fitcommerce/internal/store/postgres/po_store.go:84.62,86.3 1 0
fitcommerce/internal/store/postgres/po_store.go:88.2,97.16 4 1
fitcommerce/internal/store/postgres/po_store.go:97.16,99.3 1 0
fitcommerce/internal/store/postgres/po_store.go:100.2,103.18 3 1
fitcommerce/internal/store/postgres/po_store.go:103.18,105.17 2 1
fitcommerce/internal/store/postgres/po_store.go:105.17,107.4 1 0
fitcommerce/internal/store/postgres/po_store.go:108.3,108.25 1 1
fitcommerce/internal/store/postgres/po_store.go:110.2,110.35 1 1
fitcommerce/internal/store/postgres/po_store.go:110.35,112.3 1 0
fitcommerce/internal/store/postgres/po_store.go:113.2,113.24 1 1
fitcommerce/internal/store/postgres/po_store.go:117.90,138.16 4 9
fitcommerce/internal/store/postgres/po_store.go:138.16,140.3 1 0
fitcommerce/internal/store/postgres/po_store.go:141.2,141.12 1 9
fitcommerce/internal/store/postgres/po_store.go:145.57,160.16 4 15
fitcommerce/internal/store/postgres/po_store.go:160.16,162.3 1 0
fitcommerce/internal/store/postgres/po_store.go:163.2,164.17 2 15
fitcommerce/internal/store/postgres/po_store.go:180.54,182.2 1 56
fitcommerce/internal/store/postgres/po_store.go:185.89,202.16 4 4
fitcommerce/internal/store/postgres/po_store.go:202.16,204.3 1 0
fitcommerce/internal/store/postgres/po_store.go:205.2,205.12 1 4
fitcommerce/internal/store/postgres/po_store.go:209.101,219.16 4 2
fitcommerce/internal/store/postgres/po_store.go:219.16,220.36 1 0
fitcommerce/internal/store/postgres/po_store.go:220.36,222.4 1 0
fitcommerce/internal/store/postgres/po_store.go:223.3,223.66 1 0
fitcommerce/internal/store/postgres/po_store.go:225.2,225.18 1 2
fitcommerce/internal/store/postgres/po_store.go:229.107,239.16 4 9
fitcommerce/internal/store/postgres/po_store.go:239.16,241.3 1 0
fitcommerce/internal/store/postgres/po_store.go:242.2,245.18 3 9
fitcommerce/internal/store/postgres/po_store.go:245.18,247.17 2 9
fitcommerce/internal/store/postgres/po_store.go:247.17,249.4 1 0
fitcommerce/internal/store/postgres/po_store.go:250.3,250.31 1 9
fitcommerce/internal/store/postgres/po_store.go:252.2,252.35 1 9
fitcommerce/internal/store/postgres/po_store.go:252.35,254.3 1 0
fitcommerce/internal/store/postgres/po_store.go:255.2,255.19 1 9
fitcommerce/internal/store/postgres/po_store.go:259.89,272.16 4 3
fitcommerce/internal/store/postgres/po_store.go:272.16,274.3 1 0
fitcommerce/internal/store/postgres/po_store.go:275.2,275.12 1 3
fitcommerce/internal/store/postgres/po_store.go:279.65,290.16 3 11
fitcommerce/internal/store/postgres/po_store.go:290.16,292.3 1 0
fitcommerce/internal/store/postgres/po_store.go:293.2,293.19 1 11
fitcommerce/internal/store/postgres/report_store.go:25.54,27.2 1 56
fitcommerce/internal/store/postgres/report_store.go:29.85,31.38 2 0
fitcommerce/internal/store/postgres/report_store.go:31.38,33.3 1 0
fitcommerce/internal/store/postgres/report_store.go:35.2,36.16 2 0
fitcommerce/internal/store/postgres/report_store.go:36.16,38.3 1 0
fitcommerce/internal/store/postgres/report_store.go:40.2,46.16 2 0
fitcommerce/internal/store/postgres/report_store.go:46.16,48.3 1 0
fitcommerce/internal/store/postgres/report_store.go:49.2,49.12 1 0
fitcommerce/internal/store/postgres/report_store.go:52.100,59.16 3 8
fitcommerce/internal/store/postgres/report_store.go:59.16,60.36 1 0
fitcommerce/internal/store/postgres/report_store.go:60.36,62.4 1 0
fitcommerce/internal/store/postgres/report_store.go:63.3,63.58 1 0
fitcommerce/internal/store/postgres/report_store.go:65.2,65.15 1 8
fitcommerce/internal/store/postgres/report_store.go:68.84,73.16 2 6
fitcommerce/internal/store/postgres/report_store.go:73.16,75.3 1 0
fitcommerce/internal/store/postgres/report_store.go:76.2,79.18 3 6
fitcommerce/internal/store/postgres/report_store.go:79.18,81.17 2 54
fitcommerce/internal/store/postgres/report_store.go:81.17,83.4 1 0
fitcommerce/internal/store/postgres/report_store.go:84.3,84.32 1 54
fitcommerce/internal/store/postgres/report_store.go:86.2,86.34 1 6
fitcommerce/internal/store/postgres/report_store.go:86.34,88.3 1 0
fitcommerce/internal/store/postgres/report_store.go:89.2,89.21 1 6
fitcommerce/internal/store/postgres/report_store.go:92.64,106.16 5 62
fitcommerce/internal/store/postgres/report_store.go:106.16,108.3 1 0
fitcommerce/internal/store/postgres/report_store.go:110.2,111.32 2 62
fitcommerce/internal/store/postgres/report_store.go:111.32,113.3 1 154
fitcommerce/internal/store/postgres/report_store.go:115.2,115.63 1 62
fitcommerce/internal/store/postgres/report_store.go:115.63,117.3 1 0
fitcommerce/internal/store/postgres/report_store.go:119.2,119.16 1 62
fitcommerce/internal/store/postgres/report_store.go:130.54,132.2 1 56
fitcommerce/internal/store/postgres/report_store.go:134.80,142.16 2 2
fitcommerce/internal/store/postgres/report_store.go:142.16,144.3 1 0
fitcommerce/internal/store/postgres/report_store.go:145.2,145.12 1 2
fitcommerce/internal/store/postgres/report_store.go:148.93,155.16 3 4
fitcommerce/internal/store/postgres/report_store.go:155.16,156.36 1 0
fitcommerce/internal/store/postgres/report_store.go:156.36,158.4 1 0
fitcommerce/internal/store/postgres/report_store.go:159.3,159.58 1 0
fitcommerce/internal/store/postgres/report_store.go:161.2,161.17 1 4
fitcommerce/internal/store/postgres/report_store.go:164.80,169.16 2 2
fitcommerce/internal/store/postgres/report_store.go:169.16,171.3 1 0
fitcommerce/internal/store/postgres/report_store.go:172.2,172.12 1 2
fitcommerce/internal/store/postgres/report_store.go:175.60,191.16 5 4
fitcommerce/internal/store/postgres/report_store.go:191.16,193.3 1 0
fitcommerce/internal/store/postgres/report_store.go:194.2,196.18 3 4
fitcommerce/internal/store/postgres/retention_store.go:23.60,25.2 1 56
fitcommerce/internal/store/postgres/retention_store.go:28.92,41.16 3 0
fitcommerce/internal/store/postgres/retention_store.go:41.16,43.3 1 0
fitcommerce/internal/store/postgres/retention_store.go:44.2,44.12 1 0
fitcommerce/internal/store/postgres/retention_store.go:49.115,58.16 4 2
fitcommerce/internal/store/postgres/retention_store.go:58.16,59.36 1 0
fitcommerce/internal/store/postgres/retention_store.go:59.36,61.4 1 0
fitcommerce/internal/store/postgres/retention_store.go:62.3,62.69 1 0
fitcommerce/internal/store/postgres/retention_store.go:64.2,64.20 1 2
fitcommerce/internal/store/postgres/retention_store.go:69.86,76.16 3 1
fitcommerce/internal/store/postgres/retention_store.go:76.16,78.3 1 0
fitcommerce/internal/store/postgres/retention_store.go:79.2,82.18 3 1
fitcommerce/internal/store/postgres/retention_store.go:82.18,84.17 2 3
fitcommerce/internal/store/postgres/retention_store.go:84.17,86.4 1 0
fitcommerce/internal/store/postgres/retention_store.go:87.3,87.39 1 3
fitcommerce/internal/store/postgres/retention_store.go:89.2,89.35 1 1
fitcommerce/internal/store/postgres/retention_store.go:89.35,91.3 1 0
fitcommerce/internal/store/postgres/retention_store.go:92.2,92.22 1 1
fitcommerce/internal/store/postgres/retention_store.go:96.92,108.16 3 1
fitcommerce/internal/store/postgres/retention_store.go:108.16,110.3 1 0
fitcommerce/internal/store/postgres/retention_store.go:111.2,111.12 1 1
fitcommerce/internal/store/postgres/retention_store.go:117.105,121.16 4 0
fitcommerce/internal/store/postgres/retention_store.go:121.16,123.3 1 0
fitcommerce/internal/store/postgres/retention_store.go:124.2,124.32 1 0
fitcommerce/internal/store/postgres/retention_store.go:128.72,141.16 6 5
fitcommerce/internal/store/postgres/retention_store.go:141.16,143.3 1 0
fitcommerce/internal/store/postgres/retention_store.go:144.2,147.16 4 5
fitcommerce/internal/store/postgres/session_store.go:23.56,25.2 1 56
fitcommerce/internal/store/postgres/session_store.go:28.83,41.16 3 77
fitcommerce/internal/store/postgres/session_store.go:41.16,43.3 1 0
fitcommerce/internal/store/postgres/session_store.go:44.2,44.12 1 77
fitcommerce/internal/store/postgres/session_store.go:49.95,66.16 5 208
fitcommerce/internal/store/postgres/session_store.go:66.16,67.36 1 1
fitcommerce/internal/store/postgres/session_store.go:67.36,69.4 1 1
fitcommerce/internal/store/postgres/session_store.go:70.3,70.62 1 0
fitcommerce/internal/store/postgres/session_store.go:72.2,72.19 1 207
fitcommerce/internal/store/postgres/session_store.go:76.72,79.16 3 3
fitcommerce/internal/store/postgres/session_store.go:79.16,81.3 1 0
fitcommerce/internal/store/postgres/session_store.go:82.2,82.12 1 3
fitcommerce/internal/store/postgres/session_store.go:87.87,90.16 3 0
fitcommerce/internal/store/postgres/session_store.go:90.16,92.3 1 0
fitcommerce/internal/store/postgres/session_store.go:93.2,93.37 1 0
fitcommerce/internal/store/postgres/session_store.go:98.103,101.16 3 204
fitcommerce/internal/store/postgres/session_store.go:101.16,103.3 1 0
fitcommerce/internal/store/postgres/session_store.go:104.2,104.12 1 204
fitcommerce/internal/store/postgres/supplier_store.go:23.58,25.2 1 56
fitcommerce/internal/store/postgres/supplier_store.go:28.86,45.16 3 2
fitcommerce/internal/store/postgres/supplier_store.go:45.16,47.3 1 0
fitcommerce/internal/store/postgres/supplier_store.go:48.2,48.12 1 2
fitcommerce/internal/store/postgres/supplier_store.go:52.94,61.16 4 4
fitcommerce/internal/store/postgres/supplier_store.go:61.16,62.36 1 0
fitcommerce/internal/store/postgres/supplier_store.go:62.36,64.4 1 0
fitcommerce/internal/store/postgres/supplier_store.go:65.3,65.60 1 0
fitcommerce/internal/store/postgres/supplier_store.go:67.2,67.22 1 4
fitcommerce/internal/store/postgres/supplier_store.go:71.103,75.66 3 1
fitcommerce/internal/store/postgres/supplier_store.go:75.66,77.3 1 0
fitcommerce/internal/store/postgres/supplier_store.go:79.2,87.16 4 1
fitcommerce/internal/store/postgres/supplier_store.go:87.16,89.3 1 0
fitcommerce/internal/store/postgres/supplier_store.go:90.2,93.18 3 1
fitcommerce/internal/store/postgres/supplier_store.go:93.18,95.17 2 1
fitcommerce/internal/store/postgres/supplier_store.go:95.17,97.4 1 0
fitcommerce/internal/store/postgres/supplier_store.go:98.3,98.38 1 1
fitcommerce/internal/store/postgres/supplier_store.go:100.2,100.35 1 1
fitcommerce/internal/store/postgres/supplier_store.go:100.35,102.3 1 0
fitcommerce/internal/store/postgres/supplier_store.go:103.2,103.30 1 1
fitcommerce/internal/store/postgres/supplier_store.go:107.86,129.16 3 1
fitcommerce/internal/store/postgres/supplier_store.go:129.16,131.3 1 0
fitcommerce/internal/store/postgres/supplier_store.go:132.2,132.12 1 1
fitcommerce/internal/store/postgres/supplier_store.go:136.58,149.16 3 5
fitcommerce/internal/store/postgres/supplier_store.go:149.16,151.3 1 0
fitcommerce/internal/store/postgres/supplier_store.go:152.2,152.18 1 5
fitcommerce/internal/store/postgres/txctx.go:19.78,20.67 1 767
fitcommerce/internal/store/postgres/txctx.go:20.67,22.3 1 454
fitcommerce/internal/store/postgres/txctx.go:23.2,23.13 1 313
fitcommerce/internal/store/postgres/txctx.go:26.68,28.2 1 62
fitcommerce/internal/store/postgres/txctx.go:32.101,34.16 2 62
fitcommerce/internal/store/postgres/txctx.go:34.16,36.3 1 0
fitcommerce/internal/store/postgres/txctx.go:38.2,39.34 2 62
fitcommerce/internal/store/postgres/txctx.go:39.34,42.3 2 4
fitcommerce/internal/store/postgres/txctx.go:43.2,43.23 1 58
fitcommerce/internal/store/postgres/user_store.go:23.50,25.2 1 56
fitcommerce/internal/store/postgres/user_store.go:29.89,39.16 4 96
fitcommerce/internal/store/postgres/user_store.go:39.16,40.36 1 0
fitcommerce/internal/store/postgres/user_store.go:40.36,42.4 1 0
fitcommerce/internal/store/postgres/user_store.go:43.3,43.59 1 0
fitcommerce/internal/store/postgres/user_store.go:45.2,45.18 1 96
fitcommerce/internal/store/postgres/user_store.go:49.86,59.16 4 211
fitcommerce/internal/store/postgres/user_store.go:59.16,60.36 1 0
fitcommerce/internal/store/postgres/user_store.go:60.36,62.4 1 0
fitcommerce/internal/store/postgres/user_store.go:63.3,63.56 1 0
fitcommerce/internal/store/postgres/user_store.go:65.2,65.18 1 211
fitcommerce/internal/store/postgres/user_store.go:69.74,97.16 3 96
fitcommerce/internal/store/postgres/user_store.go:97.16,99.3 1 0
fitcommerce/internal/store/postgres/user_store.go:100.2,100.12 1 96
fitcommerce/internal/store/postgres/user_store.go:104.74,124.16 3 3
fitcommerce/internal/store/postgres/user_store.go:124.16,126.3 1 0
fitcommerce/internal/store/postgres/user_store.go:127.2,127.12 1 3
fitcommerce/internal/store/postgres/user_store.go:131.95,135.66 3 1
fitcommerce/internal/store/postgres/user_store.go:135.66,137.3 1 0
fitcommerce/internal/store/postgres/user_store.go:139.2,148.16 4 1
fitcommerce/internal/store/postgres/user_store.go:148.16,150.3 1 0
fitcommerce/internal/store/postgres/user_store.go:151.2,154.18 3 1
fitcommerce/internal/store/postgres/user_store.go:154.18,156.17 2 2
fitcommerce/internal/store/postgres/user_store.go:156.17,158.4 1 0
fitcommerce/internal/store/postgres/user_store.go:159.3,159.28 1 2
fitcommerce/internal/store/postgres/user_store.go:161.2,161.35 1 1
fitcommerce/internal/store/postgres/user_store.go:161.35,163.3 1 0
fitcommerce/internal/store/postgres/user_store.go:164.2,164.26 1 1
fitcommerce/internal/store/postgres/user_store.go:168.123,172.80 3 0
fitcommerce/internal/store/postgres/user_store.go:172.80,174.3 1 0
fitcommerce/internal/store/postgres/user_store.go:176.2,186.16 4 0
fitcommerce/internal/store/postgres/user_store.go:186.16,188.3 1 0
fitcommerce/internal/store/postgres/user_store.go:189.2,192.18 3 0
fitcommerce/internal/store/postgres/user_store.go:192.18,194.17 2 0
fitcommerce/internal/store/postgres/user_store.go:194.17,196.4 1 0
fitcommerce/internal/store/postgres/user_store.go:197.3,197.28 1 0
fitcommerce/internal/store/postgres/user_store.go:199.2,199.35 1 0
fitcommerce/internal/store/postgres/user_store.go:199.35,201.3 1 0
fitcommerce/internal/store/postgres/user_store.go:202.2,202.26 1 0
fitcommerce/internal/store/postgres/user_store.go:206.50,225.16 5 309
fitcommerce/internal/store/postgres/user_store.go:225.16,227.3 1 0
fitcommerce/internal/store/postgres/user_store.go:229.2,232.16 4 309
fitcommerce/internal/store/postgres/variance_store.go:25.58,27.2 1 56
fitcommerce/internal/store/postgres/variance_store.go:29.85,39.16 3 4
fitcommerce/internal/store/postgres/variance_store.go:39.16,41.3 1 0
fitcommerce/internal/store/postgres/variance_store.go:42.2,42.12 1 4
fitcommerce/internal/store/postgres/variance_store.go:45.100,54.16 4 3
fitcommerce/internal/store/postgres/variance_store.go:54.16,55.36 1 0
fitcommerce/internal/store/postgres/variance_store.go:55.36,57.4 1 0
fitcommerce/internal/store/postgres/variance_store.go:58.3,58.60 1 0
fitcommerce/internal/store/postgres/variance_store.go:60.2,60.15 1 3
fitcommerce/internal/store/postgres/variance_store.go:63.140,71.19 6 2
fitcommerce/internal/store/postgres/variance_store.go:71.19,76.3 1 1
fitcommerce/internal/store/postgres/variance_store.go:76.8,78.3 1 1
fitcommerce/internal/store/postgres/variance_store.go:80.2,81.45 2 2
fitcommerce/internal/store/postgres/variance_store.go:81.45,83.3 1 0
fitcommerce/internal/store/postgres/variance_store.go:85.2,85.19 1 2
fitcommerce/internal/store/postgres/variance_store.go:85.19,93.3 1 1
fitcommerce/internal/store/postgres/variance_store.go:93.8,101.3 1 1
fitcommerce/internal/store/postgres/variance_store.go:102.2,102.16 1 2
fitcommerce/internal/store/postgres/variance_store.go:102.16,104.3 1 0
fitcommerce/internal/store/postgres/variance_store.go:105.2,108.18 3 2
fitcommerce/internal/store/postgres/variance_store.go:108.18,110.17 2 3
fitcommerce/internal/store/postgres/variance_store.go:110.17,112.4 1 0
fitcommerce/internal/store/postgres/variance_store.go:113.3,113.32 1 3
fitcommerce/internal/store/postgres/variance_store.go:115.2,115.34 1 2
fitcommerce/internal/store/postgres/variance_store.go:115.34,117.3 1 0
fitcommerce/internal/store/postgres/variance_store.go:118.2,118.28 1 2
fitcommerce/internal/store/postgres/variance_store.go:121.85,129.16 3 2
fitcommerce/internal/store/postgres/variance_store.go:129.16,131.3 1 0
fitcommerce/internal/store/postgres/variance_store.go:132.2,132.12 1 2
fitcommerce/internal/store/postgres/variance_store.go:135.94,142.16 3 0
fitcommerce/internal/store/postgres/variance_store.go:142.16,144.3 1 0
fitcommerce/internal/store/postgres/variance_store.go:145.2,148.18 3 0
fitcommerce/internal/store/postgres/variance_store.go:148.18,150.17 2 0
fitcommerce/internal/store/postgres/variance_store.go:150.17,152.4 1 0
fitcommerce/internal/store/postgres/variance_store.go:153.3,153.32 1 0
fitcommerce/internal/store/postgres/variance_store.go:155.2,155.34 1 0
fitcommerce/internal/store/postgres/variance_store.go:155.34,157.3 1 0
fitcommerce/internal/store/postgres/variance_store.go:158.2,158.21 1 0
fitcommerce/internal/store/postgres/variance_store.go:161.64,183.16 7 6
fitcommerce/internal/store/postgres/variance_store.go:183.16,185.3 1 0
fitcommerce/internal/store/postgres/variance_store.go:186.2,190.16 5 6
